#
# A fatal error has been detected by the Java Runtime Environment:
#
#  Internal Error (jvmciRuntime.cpp:1609), pid=30, tid=44
#  fatal error: Fatal exception in JVMCI: Error calling jdk.vm.ci.services.Services.serializeSavedProperties
#
# JRE version: OpenJDK Runtime Environment GraalVM CE 22.3.0 (17.0.5+8) (build 17.0.5+8-jvmci-22.3-b08)
# Java VM: OpenJDK 64-Bit Server VM GraalVM CE 22.3.0 (17.0.5+8-jvmci-22.3-b08, mixed mode, sharing, tiered, jvmci, jvmci compiler, compressed oops, compressed class ptrs, parallel gc, linux-amd64)
# Problematic frame:
# V  [libjvm.so+0x972714]  JVMCIRuntime::fatal_exception(JVMCIEnv*, char const*)+0x74
#
# Core dump will be written. Default location: Core dumps may be processed with "/usr/share/apport/apport -p%p -s%s -c%c -d%d -P%P -u%u -g%g -- %E" (or dumping to /home/runner/BallProject/core.30)
#
# If you would like to submit a bug report, please visit:
#   https://github.com/oracle/graal/issues
#

---------------  S U M M A R Y ------------

Command Line: -XX:ThreadPriorityPolicy=1 -XX:+UnlockExperimentalVMOptions -XX:+EnableJVMCIProduct -XX:JVMCIThreadsPerNativeLibraryRuntime=1 -XX:-UnlockExperimentalVMOptions -Declipse.application=org.eclipse.jdt.ls.core.id1 -Dosgi.bundles.defaultStartLevel=4 -Declipse.product=org.eclipse.jdt.ls.core.product -Dlog.level=ALL -Xverify:none -XX:+UseParallelGC -XX:GCTimeRatio=4 -XX:AdaptiveSizePolicyWeight=90 -Dsun.zip.disableMemoryMapping=true -Xmx512m -Xms100m /nix/store/m6gcpi1ii6rghy04cjwjddcavv7i90df-jdt-language-server-1.9.0/share/java/plugins/org.eclipse.equinox.launcher_1.6.400.v20210924-0641.jar --add-modules=ALL-SYSTEM --add-opens java.base/java.util=ALL-UNNAMED --add-opens java.base/java.lang=ALL-UNNAMED -configuration /home/runner/.cache/jdt-language-server/config -data /home/runner/.cache/jdt-language-server/data/home/runner/BallProject

Host: AMD EPYC 7B12, 8 cores, 1G, Ubuntu 20.04.2 LTS
Time: Thu Feb 16 15:47:33 2023 UTC elapsed time: 936.457605 seconds (0d 0h 15m 36s)

---------------  T H R E A D  ---------------

Current thread (0x00007f6f440b21e0):  JavaThread "JVMCI-native CompilerThread0" daemon [_thread_in_vm, id=44, stack(0x00007f6f29700000,0x00007f6f29900000)]


Current CompileTask:
JVMCI-native: 936457 8378       4       org.eclipse.core.internal.resources.Resource::hashCode (8 bytes)

Stack: [0x00007f6f29700000,0x00007f6f29900000],  sp=0x00007f6f298fe380,  free space=2040k
Native frames: (J=compiled Java code, j=interpreted, Vv=VM code, C=native code)
V  [libjvm.so+0x972714]  JVMCIRuntime::fatal_exception(JVMCIEnv*, char const*)+0x74
V  [libjvm.so+0x93e2fe]  JVMCIEnv::copy_saved_properties()+0x14e
V  [libjvm.so+0x9732a9]  JVMCIRuntime::initialize(JVMCIEnv*)+0xb19
V  [libjvm.so+0x9738a2]  JVMCIRuntime::get_HotSpotJVMCIRuntime(JVMCIEnv*)+0x12
V  [libjvm.so+0x9749f2]  JVMCIRuntime::compile_method(JVMCIEnv*, JVMCICompiler*, methodHandle const&, int)+0xd2
V  [libjvm.so+0x5b0d20]  CompileBroker::invoke_compiler_on_method(CompileTask*)+0x1470
V  [libjvm.so+0x5b12e8]  CompileBroker::compiler_thread_loop()+0x528
V  [libjvm.so+0xd82460]  JavaThread::thread_main_inner()+0xd0
V  [libjvm.so+0xd85a40]  Thread::call_run()+0xc0
V  [libjvm.so+0xbdb1e1]  thread_native_entry(Thread*)+0xe1

Register to memory mapping:

RAX=0x00007f6f49487000 points into unknown readable memory: 0x0000000000000058 | 58 00 00 00 00 00 00 00
RBX=0x00007f6f4a582398: <offset 0x0000000000ef5398> in /nix/store/gpxl5qgg8kicmcvivwmybwjlpf7wh20l-graalvm17-ce-22.3.0/lib/server/libjvm.so at 0x00007f6f4968d000
RCX=0x00007f6f4a53a1e8: <offset 0x0000000000ead1e8> in /nix/store/gpxl5qgg8kicmcvivwmybwjlpf7wh20l-graalvm17-ce-22.3.0/lib/server/libjvm.so at 0x00007f6f4968d000
RDX=0x0000000000000649 is an unknown value
RSP=0x00007f6f298fe380 is pointing into the stack for thread: 0x00007f6f440b21e0
RBP=0x00007f6f298fe3a0 is pointing into the stack for thread: 0x00007f6f440b21e0
RSI=0x00007f6f4a582c48: <offset 0x0000000000ef5c48> in /nix/store/gpxl5qgg8kicmcvivwmybwjlpf7wh20l-graalvm17-ce-22.3.0/lib/server/libjvm.so at 0x00007f6f4968d000
RDI=0x00000000e0000000 is an oop: [B 
{0x00000000e0000000} - klass: {type array byte}
 - length: 142
R8 =0x00007f6f4a582398: <offset 0x0000000000ef5398> in /nix/store/gpxl5qgg8kicmcvivwmybwjlpf7wh20l-graalvm17-ce-22.3.0/lib/server/libjvm.so at 0x00007f6f4968d000
R9 =0x00007f6f298fe330 is pointing into the stack for thread: 0x00007f6f440b21e0
R10=0x00007f6f298ff948 is pointing into the stack for thread: 0x00007f6f440b21e0
R11=0x0000000000000293 is an unknown value
R12=0x0 is NULL
R13=0x00007f6f440b21e0 is a thread
R14=0x00007f6f44000b80 points into unknown readable memory: 0x00007f6f4a7b3a38 | 38 3a 7b 4a 6f 7f 00 00
R15=0x00007f6f4a8c1e40: <offset 0x0000000001234e40> in /nix/store/gpxl5qgg8kicmcvivwmybwjlpf7wh20l-graalvm17-ce-22.3.0/lib/server/libjvm.so at 0x00007f6f4968d000


Registers:
RAX=0x00007f6f49487000, RBX=0x00007f6f4a582398, RCX=0x00007f6f4a53a1e8, RDX=0x0000000000000649
RSP=0x00007f6f298fe380, RBP=0x00007f6f298fe3a0, RSI=0x00007f6f4a582c48, RDI=0x00000000e0000000
R8 =0x00007f6f4a582398, R9 =0x00007f6f298fe330, R10=0x00007f6f298ff948, R11=0x0000000000000293
R12=0x0000000000000000, R13=0x00007f6f440b21e0, R14=0x00007f6f44000b80, R15=0x00007f6f4a8c1e40
RIP=0x00007f6f49fff714, EFLAGS=0x0000000000010206, CSGSFS=0x002b000000000033, ERR=0x0000000000000006
  TRAPNO=0x000000000000000e

Top of Stack: (sp=0x00007f6f298fe380)
0x00007f6f298fe380:   00007f6f298fe940 00007f6f440b21e0
0x00007f6f298fe390:   00007f6f48e188c8 0000000800c417a0
0x00007f6f298fe3a0:   00007f6f298fe500 00007f6f49fcb2fe
0x00007f6f298fe3b0:   00007f6f298fe3e0 00007f6f298fe440 

Instructions: (pc=0x00007f6f49fff714)
0x00007f6f49fff614:   30 e8 f6 cf e8 ff 4c 89 e7 e8 2e 48 d1 ff 84 db
0x00007f6f49fff624:   75 2a 4d 85 ed 74 04 4d 8b 6d 00 48 83 c4 08 44
0x00007f6f49fff634:   89 f9 4c 89 f2 4c 89 ee 5b 4c 89 e7 41 5c 41 5d
0x00007f6f49fff644:   41 5e 41 5f 5d e9 e2 47 d1 ff 66 90 48 83 c4 08
0x00007f6f49fff654:   5b 41 5c 41 5d 41 5e 41 5f 5d c3 90 31 d2 be 08
0x00007f6f49fff664:   00 00 00 4c 89 ff e8 b1 78 a3 ff 49 89 c5 e9 37
0x00007f6f49fff674:   ff ff ff 66 0f 1f 84 00 00 00 00 00 48 8b 7a 08
0x00007f6f49fff684:   e9 6d ff ff ff 0f 1f 80 00 00 00 00 e8 5b 48 0a
0x00007f6f49fff694:   00 84 c0 75 89 e9 6a ff ff ff 66 90 55 48 89 e5
0x00007f6f49fff6a4:   41 56 41 55 41 54 49 89 fc 53 48 89 f3 66 48 8d
0x00007f6f49fff6b4:   3d 27 5e 85 00 66 66 48 e8 df 43 8d ff 4c 8b 28
0x00007f6f49fff6c4:   8b 05 be 72 8a 00 85 c0 75 14 ba 01 00 00 00 48
0x00007f6f49fff6d4:   8d 0d ae 72 8a 00 f0 0f b1 11 85 c0 74 4e be c8
0x00007f6f49fff6e4:   00 00 00 4c 89 ef e8 01 0b 41 00 48 8d 05 12 ac
0x00007f6f49fff6f4:   85 00 49 89 d8 48 8d 0d e8 aa 53 00 ba 49 06 00
0x00007f6f49fff704:   00 48 8d 35 3c 35 58 00 bf 00 00 00 e0 48 8b 00
0x00007f6f49fff714:   c6 00 58 31 c0 e8 e2 91 c6 ff 5b 41 5c 41 5d 41
0x00007f6f49fff724:   5e 5d e9 55 34 26 00 0f 1f 44 00 00 48 8d 05 81
0x00007f6f49fff734:   a3 8b 00 48 89 df 4c 8b 30 e8 9e 43 8d ff 48 89
0x00007f6f49fff744:   de 48 89 c2 49 8b 06 4c 89 f7 ff 50 08 4c 89 f7
0x00007f6f49fff754:   e8 a7 5c 27 00 4d 85 e4 74 12 be 01 00 00 00 4c
0x00007f6f49fff764:   89 e7 e8 35 43 fc ff eb 82 0f 1f 00 be 01 00 00
0x00007f6f49fff774:   00 4c 89 ef e8 d3 fd ff ff e9 6d ff ff ff 66 66
0x00007f6f49fff784:   2e 0f 1f 84 00 00 00 00 00 0f 1f 00 55 48 89 e5
0x00007f6f49fff794:   41 57 41 56 41 55 41 54 53 48 81 ec 08 02 00 00
0x00007f6f49fff7a4:   64 48 8b 04 25 28 00 00 00 48 89 45 c8 8b 07 83
0x00007f6f49fff7b4:   f8 02 0f 84 11 04 00 00 4c 8b 6f 18 49 89 ff 49
0x00007f6f49fff7c4:   89 f4 4d 85 ed 74 14 4c 89 ef e8 5d 57 22 00 41
0x00007f6f49fff7d4:   8b 07 83 f8 02 0f 84 19 04 00 00 48 8d 1d 9a 06
0x00007f6f49fff7e4:   8a 00 4c 8d 35 0b 3c 58 00 eb 38 90 48 85 d2 7f
0x00007f6f49fff7f4:   0d 48 8d 05 b4 c0 85 00 48 83 38 00 7e 0e 41 8b
0x00007f6f49fff804:   77 2c 4c 89 f7 31 c0 e8 a0 b2 f7 ff 49 8b 7f 18 


Stack slot to memory mapping:
stack at sp + 0 slots: 0x00007f6f298fe940 is pointing into the stack for thread: 0x00007f6f440b21e0
stack at sp + 1 slots: 0x00007f6f440b21e0 is a thread
stack at sp + 2 slots: 0x00007f6f48e188c8 points into unknown readable memory: 0x6573001880c9ffff | ff ff c9 80 18 00 73 65
stack at sp + 3 slots: 0x0000000800c417a0 is a pointer to class: 
jdk.vm.ci.services.Services {0x0000000800c417a0}
 - instance size:     2
 - klass size:        65
 - access:            public final synchronized 
 - state:             fully_initialized
 - name:              'jdk/vm/ci/services/Services'
 - super:             'java/lang/Object'
 - sub:               
 - arrays:            NULL
 - methods:           Array<T>(0x00007f6f29c40118)
 - method ordering:   Array<T>(0x0000000800928960)
 - default_methods:   Array<T>(0x0000000000000000)
 - local interfaces:  Array<T>(0x00000008005ce810)
 - trans. interfaces: Array<T>(0x00000008005ce810)
 - constants:         constant pool [427] {0x00007f6f29c3f1f8} for 'jdk/vm/ci/services/Services' cache=0x00007f6f29c413e8
 - class loader data:  loader data: 0x00007f6f440283f0 of 'bootstrap'
 - source file:       'Services.java'
 - class annotations:       Array<T>(0x0000000000000000)
 - class type annotations:  Array<T>(0x0000000000000000)
 - field annotations:       Array<T>(0x0000000000000000)
 - field type annotations:  Array<T>(0x0000000000000000)
 - inner classes:     Array<T>(0x00007f6f29c413b8)
 - nest members:     Array<T>(0x00007f6f29c413d8)
 - permitted subclasses:     Array<T>(0x00000008005ce7a0)
 - java mirror:       a 'java/lang/Class'{0x00000000e017b480} = 'jdk/vm/ci/services/Services'
 - vtable length      5  (start addr: 0x0000000800c41970)
 - itable length      2 (start addr: 0x0000000800c41998)
 - ---- static fields (3 words):
 - public static final 'IS_BUILDING_NATIVE_IMAGE' 'Z' @128 
 - public static final 'IS_IN_NATIVE_IMAGE' 'Z' @129 
 - private static volatile 'savedProperties' 'Ljava/util/Map;' @112 
 - static final 'JVMCI_ENABLED' 'Z' @130 
 - private static final 'servicesCache' 'Ljava/util/Map;' @116 
 - private static final 'MAX_UNICODE_IN_UTF8_LENGTH' 'I' @120 
 - private static final 'MAX_UTF8_PROPERTY_STRING_LENGTH' 'I' @124 
 - ---- non-static fields (0 words):
 - non-static oop maps: 
stack at sp + 4 slots: 0x00007f6f298fe500 is pointing into the stack for thread: 0x00007f6f440b21e0
stack at sp + 5 slots: 0x00007f6f49fcb2fe: <offset 0x000000000093e2fe> in /nix/store/gpxl5qgg8kicmcvivwmybwjlpf7wh20l-graalvm17-ce-22.3.0/lib/server/libjvm.so at 0x00007f6f4968d000
stack at sp + 6 slots: 0x00007f6f298fe3e0 is pointing into the stack for thread: 0x00007f6f440b21e0
stack at sp + 7 slots: 0x00007f6f298fe440 is pointing into the stack for thread: 0x00007f6f440b21e0


---------------  P R O C E S S  ---------------

Threads class SMR info:
_java_thread_list=0x00007f6ea0067b90, length=28, elements={
0x00007f6f44026690, 0x00007f6f440a64d0, 0x00007f6f440a7910, 0x00007f6f440ae050,
0x00007f6f440af400, 0x00007f6f440b07f0, 0x00007f6f440b21e0, 0x00007f6f440b36f0,
0x00007f6f440b4b40, 0x00007f6f440e7bf0, 0x00007f6f4412ff30, 0x00007f6f443136d0,
0x00007f6f44347090, 0x00007f6f443491f0, 0x00007f6f4460d990, 0x00007f6ed801a480,
0x00007f6ed82a0e90, 0x00007f6ecc0010d0, 0x00007f6ed8480760, 0x00007f6ed85eedc0,
0x00007f6ec0000ff0, 0x00007f6f443407d0, 0x00007f6f443c3fa0, 0x00007f6eb4000ff0,
0x00007f6ea806de80, 0x00007f6eb016f0c0, 0x00007f6eb016e500, 0x00007f6eb0171e40
}

Java Threads: ( => current thread )
  0x00007f6f44026690 JavaThread "main" [_thread_blocked, id=36, stack(0x00007f6f494a8000,0x00007f6f495a8000)]
  0x00007f6f440a64d0 JavaThread "Reference Handler" daemon [_thread_blocked, id=39, stack(0x00007f6f484bf000,0x00007f6f485bf000)]
  0x00007f6f440a7910 JavaThread "Finalizer" daemon [_thread_blocked, id=40, stack(0x00007f6f483bf000,0x00007f6f484bf000)]
  0x00007f6f440ae050 JavaThread "Signal Dispatcher" daemon [_thread_blocked, id=41, stack(0x00007f6f29b00000,0x00007f6f29c00000)]
  0x00007f6f440af400 JavaThread "Service Thread" daemon [_thread_blocked, id=42, stack(0x00007f6f29a00000,0x00007f6f29b00000)]
  0x00007f6f440b07f0 JavaThread "Monitor Deflation Thread" daemon [_thread_blocked, id=43, stack(0x00007f6f29900000,0x00007f6f29a00000)]
=>0x00007f6f440b21e0 JavaThread "JVMCI-native CompilerThread0" daemon [_thread_in_vm, id=44, stack(0x00007f6f29700000,0x00007f6f29900000)]
  0x00007f6f440b36f0 JavaThread "C1 CompilerThread0" daemon [_thread_blocked, id=45, stack(0x00007f6f29500000,0x00007f6f29700000)]
  0x00007f6f440b4b40 JavaThread "Sweeper thread" daemon [_thread_blocked, id=46, stack(0x00007f6f29400000,0x00007f6f29500000)]
  0x00007f6f440e7bf0 JavaThread "Common-Cleaner" daemon [_thread_blocked, id=47, stack(0x00007f6f29300000,0x00007f6f29400000)]
  0x00007f6f4412ff30 JavaThread "Notification Thread" daemon [_thread_blocked, id=48, stack(0x00007f6f29200000,0x00007f6f29300000)]
  0x00007f6f443136d0 JavaThread "Active Thread: Equinox Container: 32bd4d47-2f1e-45be-898d-96e69c49f884" [_thread_blocked, id=61, stack(0x00007f6f28e00000,0x00007f6f28f00000)]
  0x00007f6f44347090 JavaThread "Framework Event Dispatcher: Equinox Container: 32bd4d47-2f1e-45be-898d-96e69c49f884" daemon [_thread_blocked, id=62, stack(0x00007f6f28c00000,0x00007f6f28d00000)]
  0x00007f6f443491f0 JavaThread "Start Level: Equinox Container: 32bd4d47-2f1e-45be-898d-96e69c49f884" daemon [_thread_blocked, id=63, stack(0x00007f6f28a00000,0x00007f6f28b00000)]
  0x00007f6f4460d990 JavaThread "Refresh Thread: Equinox Container: 32bd4d47-2f1e-45be-898d-96e69c49f884" daemon [_thread_blocked, id=72, stack(0x00007f6f28800000,0x00007f6f28900000)]
  0x00007f6ed801a480 JavaThread "SCR Component Actor" daemon [_thread_blocked, id=73, stack(0x00007f6f28600000,0x00007f6f28700000)]
  0x00007f6ed82a0e90 JavaThread "Worker-JM" [_thread_blocked, id=92, stack(0x00007f6f28200000,0x00007f6f28300000)]
  0x00007f6ecc0010d0 JavaThread "Worker-1: Java indexing... " [_thread_blocked, id=102, stack(0x00007f6ef0900000,0x00007f6ef0a00000)]
  0x00007f6ed8480760 JavaThread "Java indexing" daemon [_thread_blocked, id=118, stack(0x00007f6ef0700000,0x00007f6ef0800000)]
  0x00007f6ed85eedc0 JavaThread "Bundle File Closer" daemon [_thread_blocked, id=127, stack(0x00007f6ef0500000,0x00007f6ef0600000)]
  0x00007f6ec0000ff0 JavaThread "Worker-2" [_thread_blocked, id=132, stack(0x00007f6f28400000,0x00007f6f28500000)]
  0x00007f6f443407d0 JavaThread "pool-3-thread-1" [_thread_blocked, id=133, stack(0x00007f6ef0300000,0x00007f6ef0400000)]
  0x00007f6f443c3fa0 JavaThread "pool-2-thread-1" [_thread_blocked, id=141, stack(0x00007f6ef0100000,0x00007f6ef0200000)]
  0x00007f6eb4000ff0 JavaThread "Worker-4: Periodic workspace save." [_thread_blocked, id=148, stack(0x00007f6eefd00000,0x00007f6eefe00000)]
  0x00007f6ea806de80 JavaThread "Worker-5" [_thread_blocked, id=1369, stack(0x00007f6eeff00000,0x00007f6ef0000000)]
  0x00007f6eb016f0c0 JavaThread "Thread-5" [_thread_blocked, id=1794, stack(0x00007f6f28000000,0x00007f6f28100000)]
  0x00007f6eb016e500 JavaThread "Thread-6" [_thread_blocked, id=2695, stack(0x00007f6ef0800000,0x00007f6ef0900000)]
  0x00007f6eb0171e40 JavaThread "Thread-7" [_thread_blocked, id=3040, stack(0x00007f6eefb00000,0x00007f6eefc00000)]

Other Threads:
  0x00007f6f440a1c10 VMThread "VM Thread" [stack: 0x00007f6f485c1000,0x00007f6f486c1000] [id=38] _threads_hazard_ptr=0x00007f6ea0067b90
  0x00007f6f441318d0 WatcherThread [stack: 0x00007f6f29100000,0x00007f6f29200000] [id=49]
  0x00007f6f4403df30 GCTaskThread "GC Thread#0" [stack: 0x00007f6f4906b000,0x00007f6f4916b000] [id=37]

Threads with active compile tasks:
JVMCI-native CompilerThread0   936541 8378       4       org.eclipse.core.internal.resources.Resource::hashCode (8 bytes)

VM state: synchronizing (normal execution)

VM Mutex/Monitor currently owned by a thread:  ([mutex/lock_event])
[0x00007f6f44023840] Threads_lock - owner thread: 0x00007f6f440a1c10
[0x00007f6f44023ff0] Heap_lock - owner thread: 0x00007f6ed8480760

OutOfMemory and StackOverflow Exception counts:
OutOfMemoryError java_heap_errors=6
LinkageErrors=53

Heap address: 0x00000000e0000000, size: 512 MB, Compressed Oops mode: 32-bit

CDS archive(s) mapped at: [0x0000000800000000-0x0000000800bc8000-0x0000000800bc8000), size 12353536, SharedBaseAddress: 0x0000000800000000, ArchiveRelocationMode: 0.
Compressed class space mapped at: 0x0000000800c00000-0x0000000840c00000, reserved size: 1073741824
Narrow klass base: 0x0000000800000000, Narrow klass shift: 0, Narrow klass range: 0x100000000

GC Precious Log:
 CPUs: 8 total, 1 available
 Memory: 1024M
 Large Page Support: Disabled
 NUMA Support: Disabled
 Compressed Oops: Enabled (32-bit)
 Alignments: Space 512K, Generation 512K, Heap 2M
 Heap Min Capacity: 100M
 Heap Initial Capacity: 100M
 Heap Max Capacity: 512M
 Pre-touch: Disabled
 Parallel Workers: 1

Heap:
 PSYoungGen      total 42496K, used 29696K [0x00000000f5580000, 0x00000000f8d80000, 0x0000000100000000)
  eden space 29696K, 100% used [0x00000000f5580000,0x00000000f7280000,0x00000000f7280000)
  from space 12800K, 0% used [0x00000000f7f80000,0x00000000f7f80000,0x00000000f8c00000)
  to   space 13312K, 0% used [0x00000000f7280000,0x00000000f7280000,0x00000000f7f80000)
 ParOldGen       total 349696K, used 349696K [0x00000000e0000000, 0x00000000f5580000, 0x00000000f5580000)
  object space 349696K, 100% used [0x00000000e0000000,0x00000000f5580000,0x00000000f5580000)
 Metaspace       used 54657K, committed 55488K, reserved 1105920K
  class space    used 5446K, committed 5824K, reserved 1048576K

Card table byte_map: [0x00007f6f4916b000,0x00007f6f4926c000] _byte_map_base: 0x00007f6f48a6b000

Marking Bits: (ParMarkBitMap*) 0x00007f6f4a8bb4c0
 Begin Bits: [0x00007f6f2a4b3000, 0x00007f6f2acb3000)
 End Bits:   [0x00007f6f2acb3000, 0x00007f6f2b4b3000)

Polling page: 0x00007f6f49485000

Metaspace:

Usage:
  Non-class:     48.06 MB used.
      Class:      5.32 MB used.
       Both:     53.38 MB used.

Virtual space:
  Non-class space:       56.00 MB reserved,      48.50 MB ( 87%) committed,  7 nodes.
      Class space:        1.00 GB reserved,       5.69 MB ( <1%) committed,  1 nodes.
             Both:        1.05 GB reserved,      54.19 MB (  5%) committed. 

Chunk freelists:
   Non-Class:  3.37 MB
       Class:  2.38 MB
        Both:  5.74 MB

MaxMetaspaceSize: unlimited
CompressedClassSpaceSize: 1.00 GB
Initial GC threshold: 21.00 MB
Current GC threshold: 90.25 MB
CDS: on
MetaspaceReclaimPolicy: balanced
 - commit_granule_bytes: 65536.
 - commit_granule_words: 8192.
 - virtual_space_node_default_size: 1048576.
 - enlarge_chunks_in_place: 1.
 - new_chunks_are_fully_committed: 0.
 - uncommit_free_chunks: 1.
 - use_allocation_guard: 0.
 - handle_deallocations: 1.


Internal statistics:

num_allocs_failed_limit: 6.
num_arena_births: 386.
num_arena_deaths: 72.
num_vsnodes_births: 8.
num_vsnodes_deaths: 0.
num_space_committed: 865.
num_space_uncommitted: 0.
num_chunks_returned_to_freelist: 96.
num_chunks_taken_from_freelist: 2409.
num_chunk_merges: 36.
num_chunk_splits: 1601.
num_chunks_enlarged: 1053.
num_purges: 14.
num_inconsistent_stats: 0.

CodeHeap 'non-profiled nmethods': size=120036Kb used=2531Kb max_used=2531Kb free=117504Kb
 bounds [0x00007f6f32f7a000, 0x00007f6f331fa000, 0x00007f6f3a4b3000]
CodeHeap 'profiled nmethods': size=120032Kb used=12797Kb max_used=15801Kb free=107234Kb
 bounds [0x00007f6f2ba42000, 0x00007f6f2c9b2000, 0x00007f6f32f7a000]
CodeHeap 'non-nmethods': size=5692Kb used=1376Kb max_used=1395Kb free=4315Kb
 bounds [0x00007f6f2b4b3000, 0x00007f6f2b723000, 0x00007f6f2ba42000]
 total_blobs=6768 nmethods=6054 adapters=616
 compilation: enabled
              stopped_count=0, restarted_count=0
 full_count=0

JVMCI Events (20 events):
Event: 735.884 Thread 0x00007f6f440b21e0 releasing handles for JVMCI runtime 0: oop handles=44, metadata handles={total=93, live=82, blocks=38}
Event: 735.884 Thread 0x00007f6f440b21e0 detached from JVMCI runtime 0
Event: 748.820 Thread 0x00007f6f440b21e0 attached to JVMCI runtime 0
Event: 748.822 Thread 0x00007f6f440b21e0 created JavaVM[5]@0x00007f6eef39e340 for JVMCI runtime 0
Event: 752.650 Thread 0x00007f6f440b21e0 initializing JVMCI runtime 0
Event: 752.650 Thread 0x00007f6f440b21e0 done waiting for JavaVM references initialization in JVMCI runtime 0
Event: 805.963 Thread 0x00007f6f440b21e0 initialized JVMCI runtime 0
Event: 863.663 Thread 0x00007f6f440b21e0 compacted oop handles in JVMCI runtime 0 from 79 to 63
Event: 865.339 Thread 0x00007f6f440b21e0 compacted oop handles in JVMCI runtime 0 from 75 to 74
Event: 866.689 Thread 0x00007f6f440b21e0 detaching from JVMCI runtime 0: releasing idle compiler thread (0 other threads still attached)
Event: 866.689 Thread 0x00007f6f440b21e0 shutting down HotSpotJVMCIRuntime for JVMCI runtime 0
Event: 866.689 Thread 0x00007f6f440b21e0 shut down JVMCI runtime 0
Event: 868.166 Thread 0x00007f6f440b21e0 destroyed JavaVM[5]@0x00007f6eef39e340 for JVMCI runtime 0
Event: 868.166 Thread 0x00007f6f440b21e0 compacted oop handles in JVMCI runtime 0 from 74 to 74
Event: 868.166 Thread 0x00007f6f440b21e0 releasing handles for JVMCI runtime 0: oop handles=74, metadata handles={total=160, live=155, blocks=38}
Event: 868.166 Thread 0x00007f6f440b21e0 detached from JVMCI runtime 0
Event: 881.866 Thread 0x00007f6f440b21e0 attached to JVMCI runtime 0
Event: 881.868 Thread 0x00007f6f440b21e0 created JavaVM[6]@0x00007f6eef39e340 for JVMCI runtime 0
Event: 883.051 Thread 0x00007f6f440b21e0 initializing JVMCI runtime 0
Event: 883.051 Thread 0x00007f6f440b21e0 done waiting for JavaVM references initialization in JVMCI runtime 0

Compilation events (20 events):
Event: 730.849 Thread 0x00007f6f440b36f0 8368       1       org.eclipse.osgi.internal.framework.EquinoxContainer::getStorage (5 bytes)
Event: 730.849 Thread 0x00007f6f440b36f0 nmethod 8368 0x00007f6f331e9b10 code [0x00007f6f331e9ca0, 0x00007f6f331e9d70]
Event: 733.354 Thread 0x00007f6f440b21e0 nmethod 8364 0x00007f6f331e9e10 code [0x00007f6f331e9fa0, 0x00007f6f331ea350]
Event: 748.820 Thread 0x00007f6f440b21e0 8369 %s    4       java.util.Hashtable::putAll @ 12 (52 bytes)
Event: 811.547 Thread 0x00007f6f440b36f0 8371       3       java.util.concurrent.ThreadPoolExecutor::isShutdown (12 bytes)
Event: 811.548 Thread 0x00007f6f440b36f0 nmethod 8371 0x00007f6f2bbddc10 code [0x00007f6f2bbdddc0, 0x00007f6f2bbddfb0]
Event: 833.207 Thread 0x00007f6f440b36f0 8373       3       java.util.concurrent.locks.AbstractQueuedSynchronizer$Node::<init> (5 bytes)
Event: 834.484 Thread 0x00007f6f440b36f0 nmethod 8373 0x00007f6f2bd29410 code [0x00007f6f2bd295c0, 0x00007f6f2bd29710]
Event: 835.748 Thread 0x00007f6f440b36f0 8374       3       org.eclipse.core.runtime.SubMonitor::internalWorked (33 bytes)
Event: 835.748 Thread 0x00007f6f440b36f0 nmethod 8374 0x00007f6f2bd21190 code [0x00007f6f2bd21380, 0x00007f6f2bd21920]
Event: 837.061 Thread 0x00007f6f440b36f0 8375       3       java.util.concurrent.ScheduledThreadPoolExecutor::canRunInCurrentRunState (61 bytes)
Event: 837.061 Thread 0x00007f6f440b36f0 nmethod 8375 0x00007f6f2bdabb90 code [0x00007f6f2bdabda0, 0x00007f6f2bdac840]
Event: 842.501 Thread 0x00007f6f440b36f0 8377       3       java.lang.invoke.TypeConvertingMethodAdapter::descriptorToName (36 bytes)
Event: 842.502 Thread 0x00007f6f440b36f0 nmethod 8377 0x00007f6f2be49b10 code [0x00007f6f2be49da0, 0x00007f6f2be4aa00]
Event: 863.663 Thread 0x00007f6f440b21e0 nmethod 8369% 0x00007f6f331ea990 code [0x00007f6f331eaec0, 0x00007f6f331ef978]
Event: 863.663 Thread 0x00007f6f440b21e0 8370 %     4       java.io.DataOutputStream::writeUTF @ 187 (411 bytes)
Event: 865.339 Thread 0x00007f6f440b21e0 nmethod 8370% 0x00007f6f331f1790 code [0x00007f6f331f1980, 0x00007f6f331f2740]
Event: 881.866 Thread 0x00007f6f440b21e0 8378       4       org.eclipse.core.internal.resources.Resource::hashCode (8 bytes)
Event: 899.183 Thread 0x00007f6f440b36f0 8379   !   3       java.util.concurrent.locks.AbstractQueuedSynchronizer::acquire (407 bytes)
Event: 900.391 Thread 0x00007f6f440b36f0 nmethod 8379 0x00007f6f2c4dd710 code [0x00007f6f2c4dda80, 0x00007f6f2c4df8a0]

GC Heap History (20 events):
Event: 924.371 GC heap before
{Heap before GC invocations=764 (full 637):
 PSYoungGen      total 42496K, used 29696K [0x00000000f5580000, 0x00000000f8d80000, 0x0000000100000000)
  eden space 29696K, 100% used [0x00000000f5580000,0x00000000f7280000,0x00000000f7280000)
  from space 12800K, 0% used [0x00000000f7f80000,0x00000000f7f80000,0x00000000f8c00000)
  to   space 13312K, 0% used [0x00000000f7280000,0x00000000f7280000,0x00000000f7f80000)
 ParOldGen       total 349696K, used 349691K [0x00000000e0000000, 0x00000000f5580000, 0x00000000f5580000)
  object space 349696K, 99% used [0x00000000e0000000,0x00000000f557eeb8,0x00000000f5580000)
 Metaspace       used 54656K, committed 55488K, reserved 1105920K
  class space    used 5446K, committed 5824K, reserved 1048576K
}
Event: 925.587 GC heap after
{Heap after GC invocations=764 (full 637):
 PSYoungGen      total 43008K, used 29695K [0x00000000f5580000, 0x00000000f8d80000, 0x0000000100000000)
  eden space 29696K, 99% used [0x00000000f5580000,0x00000000f727ffb0,0x00000000f7280000)
  from space 13312K, 0% used [0x00000000f7280000,0x00000000f7280000,0x00000000f7f80000)
  to   space 12800K, 0% used [0x00000000f7f80000,0x00000000f7f80000,0x00000000f8c00000)
 ParOldGen       total 349696K, used 349690K [0x00000000e0000000, 0x00000000f5580000, 0x00000000f5580000)
  object space 349696K, 99% used [0x00000000e0000000,0x00000000f557e8b8,0x00000000f5580000)
 Metaspace       used 54656K, committed 55488K, reserved 1105920K
  class space    used 5446K, committed 5824K, reserved 1048576K
}
Event: 925.587 GC heap before
{Heap before GC invocations=765 (full 638):
 PSYoungGen      total 43008K, used 29696K [0x00000000f5580000, 0x00000000f8d80000, 0x0000000100000000)
  eden space 29696K, 100% used [0x00000000f5580000,0x00000000f7280000,0x00000000f7280000)
  from space 13312K, 0% used [0x00000000f7280000,0x00000000f7280000,0x00000000f7f80000)
  to   space 12800K, 0% used [0x00000000f7f80000,0x00000000f7f80000,0x00000000f8c00000)
 ParOldGen       total 349696K, used 349694K [0x00000000e0000000, 0x00000000f5580000, 0x00000000f5580000)
  object space 349696K, 99% used [0x00000000e0000000,0x00000000f557fb30,0x00000000f5580000)
 Metaspace       used 54656K, committed 55488K, reserved 1105920K
  class space    used 5446K, committed 5824K, reserved 1048576K
}
Event: 926.781 GC heap after
{Heap after GC invocations=765 (full 638):
 PSYoungGen      total 42496K, used 29696K [0x00000000f5580000, 0x00000000f8d80000, 0x0000000100000000)
  eden space 29696K, 100% used [0x00000000f5580000,0x00000000f7280000,0x00000000f7280000)
  from space 12800K, 0% used [0x00000000f7f80000,0x00000000f7f80000,0x00000000f8c00000)
  to   space 13312K, 0% used [0x00000000f7280000,0x00000000f7280000,0x00000000f7f80000)
 ParOldGen       total 349696K, used 349694K [0x00000000e0000000, 0x00000000f5580000, 0x00000000f5580000)
  object space 349696K, 99% used [0x00000000e0000000,0x00000000f557fb30,0x00000000f5580000)
 Metaspace       used 54656K, committed 55488K, reserved 1105920K
  class space    used 5446K, committed 5824K, reserved 1048576K
}
Event: 926.781 GC heap before
{Heap before GC invocations=766 (full 639):
 PSYoungGen      total 42496K, used 29696K [0x00000000f5580000, 0x00000000f8d80000, 0x0000000100000000)
  eden space 29696K, 100% used [0x00000000f5580000,0x00000000f7280000,0x00000000f7280000)
  from space 12800K, 0% used [0x00000000f7f80000,0x00000000f7f80000,0x00000000f8c00000)
  to   space 13312K, 0% used [0x00000000f7280000,0x00000000f7280000,0x00000000f7f80000)
 ParOldGen       total 349696K, used 349695K [0x00000000e0000000, 0x00000000f5580000, 0x00000000f5580000)
  object space 349696K, 99% used [0x00000000e0000000,0x00000000f557fff0,0x00000000f5580000)
 Metaspace       used 54656K, committed 55488K, reserved 1105920K
  class space    used 5446K, committed 5824K, reserved 1048576K
}
Event: 928.083 GC heap after
{Heap after GC invocations=766 (full 639):
 PSYoungGen      total 43008K, used 29696K [0x00000000f5580000, 0x00000000f8d80000, 0x0000000100000000)
  eden space 29696K, 100% used [0x00000000f5580000,0x00000000f7280000,0x00000000f7280000)
  from space 13312K, 0% used [0x00000000f7280000,0x00000000f7280000,0x00000000f7f80000)
  to   space 12800K, 0% used [0x00000000f7f80000,0x00000000f7f80000,0x00000000f8c00000)
 ParOldGen       total 349696K, used 349695K [0x00000000e0000000, 0x00000000f5580000, 0x00000000f5580000)
  object space 349696K, 99% used [0x00000000e0000000,0x00000000f557fff0,0x00000000f5580000)
 Metaspace       used 54656K, committed 55488K, reserved 1105920K
  class space    used 5446K, committed 5824K, reserved 1048576K
}
Event: 928.083 GC heap before
{Heap before GC invocations=767 (full 640):
 PSYoungGen      total 43008K, used 29696K [0x00000000f5580000, 0x00000000f8d80000, 0x0000000100000000)
  eden space 29696K, 100% used [0x00000000f5580000,0x00000000f7280000,0x00000000f7280000)
  from space 13312K, 0% used [0x00000000f7280000,0x00000000f7280000,0x00000000f7f80000)
  to   space 12800K, 0% used [0x00000000f7f80000,0x00000000f7f80000,0x00000000f8c00000)
 ParOldGen       total 349696K, used 349695K [0x00000000e0000000, 0x00000000f5580000, 0x00000000f5580000)
  object space 349696K, 99% used [0x00000000e0000000,0x00000000f557fff0,0x00000000f5580000)
 Metaspace       used 54656K, committed 55488K, reserved 1105920K
  class space    used 5446K, committed 5824K, reserved 1048576K
}
Event: 929.268 GC heap after
{Heap after GC invocations=767 (full 640):
 PSYoungGen      total 42496K, used 29695K [0x00000000f5580000, 0x00000000f8d80000, 0x0000000100000000)
  eden space 29696K, 99% used [0x00000000f5580000,0x00000000f727fe98,0x00000000f7280000)
  from space 12800K, 0% used [0x00000000f7f80000,0x00000000f7f80000,0x00000000f8c00000)
  to   space 13312K, 0% used [0x00000000f7280000,0x00000000f7280000,0x00000000f7f80000)
 ParOldGen       total 349696K, used 349690K [0x00000000e0000000, 0x00000000f5580000, 0x00000000f5580000)
  object space 349696K, 99% used [0x00000000e0000000,0x00000000f557e938,0x00000000f5580000)
 Metaspace       used 54656K, committed 55488K, reserved 1105920K
  class space    used 5446K, committed 5824K, reserved 1048576K
}
Event: 929.269 GC heap before
{Heap before GC invocations=768 (full 641):
 PSYoungGen      total 42496K, used 29696K [0x00000000f5580000, 0x00000000f8d80000, 0x0000000100000000)
  eden space 29696K, 100% used [0x00000000f5580000,0x00000000f7280000,0x00000000f7280000)
  from space 12800K, 0% used [0x00000000f7f80000,0x00000000f7f80000,0x00000000f8c00000)
  to   space 13312K, 0% used [0x00000000f7280000,0x00000000f7280000,0x00000000f7f80000)
 ParOldGen       total 349696K, used 349691K [0x00000000e0000000, 0x00000000f5580000, 0x00000000f5580000)
  object space 349696K, 99% used [0x00000000e0000000,0x00000000f557ec58,0x00000000f5580000)
 Metaspace       used 54656K, committed 55488K, reserved 1105920K
  class space    used 5446K, committed 5824K, reserved 1048576K
}
Event: 930.457 GC heap after
{Heap after GC invocations=768 (full 641):
 PSYoungGen      total 43008K, used 29696K [0x00000000f5580000, 0x00000000f8d80000, 0x0000000100000000)
  eden space 29696K, 100% used [0x00000000f5580000,0x00000000f7280000,0x00000000f7280000)
  from space 13312K, 0% used [0x00000000f7280000,0x00000000f7280000,0x00000000f7f80000)
  to   space 12800K, 0% used [0x00000000f7f80000,0x00000000f7f80000,0x00000000f8c00000)
 ParOldGen       total 349696K, used 349691K [0x00000000e0000000, 0x00000000f5580000, 0x00000000f5580000)
  object space 349696K, 99% used [0x00000000e0000000,0x00000000f557ec08,0x00000000f5580000)
 Metaspace       used 54656K, committed 55488K, reserved 1105920K
  class space    used 5446K, committed 5824K, reserved 1048576K
}
Event: 930.457 GC heap before
{Heap before GC invocations=769 (full 642):
 PSYoungGen      total 43008K, used 29696K [0x00000000f5580000, 0x00000000f8d80000, 0x0000000100000000)
  eden space 29696K, 100% used [0x00000000f5580000,0x00000000f7280000,0x00000000f7280000)
  from space 13312K, 0% used [0x00000000f7280000,0x00000000f7280000,0x00000000f7f80000)
  to   space 12800K, 0% used [0x00000000f7f80000,0x00000000f7f80000,0x00000000f8c00000)
 ParOldGen       total 349696K, used 349693K [0x00000000e0000000, 0x00000000f5580000, 0x00000000f5580000)
  object space 349696K, 99% used [0x00000000e0000000,0x00000000f557f408,0x00000000f5580000)
 Metaspace       used 54656K, committed 55488K, reserved 1105920K
  class space    used 5446K, committed 5824K, reserved 1048576K
}
Event: 931.561 GC heap after
{Heap after GC invocations=769 (full 642):
 PSYoungGen      total 42496K, used 29695K [0x00000000f5580000, 0x00000000f8d80000, 0x0000000100000000)
  eden space 29696K, 99% used [0x00000000f5580000,0x00000000f727ffe0,0x00000000f7280000)
  from space 12800K, 0% used [0x00000000f7f80000,0x00000000f7f80000,0x00000000f8c00000)
  to   space 13312K, 0% used [0x00000000f7280000,0x00000000f7280000,0x00000000f7f80000)
 ParOldGen       total 349696K, used 349693K [0x00000000e0000000, 0x00000000f5580000, 0x00000000f5580000)
  object space 349696K, 99% used [0x00000000e0000000,0x00000000f557f408,0x00000000f5580000)
 Metaspace       used 54656K, committed 55488K, reserved 1105920K
  class space    used 5446K, committed 5824K, reserved 1048576K
}
Event: 931.561 GC heap before
{Heap before GC invocations=770 (full 643):
 PSYoungGen      total 42496K, used 29696K [0x00000000f5580000, 0x00000000f8d80000, 0x0000000100000000)
  eden space 29696K, 100% used [0x00000000f5580000,0x00000000f7280000,0x00000000f7280000)
  from space 12800K, 0% used [0x00000000f7f80000,0x00000000f7f80000,0x00000000f8c00000)
  to   space 13312K, 0% used [0x00000000f7280000,0x00000000f7280000,0x00000000f7f80000)
 ParOldGen       total 349696K, used 349693K [0x00000000e0000000, 0x00000000f5580000, 0x00000000f5580000)
  object space 349696K, 99% used [0x00000000e0000000,0x00000000f557f408,0x00000000f5580000)
 Metaspace       used 54656K, committed 55488K, reserved 1105920K
  class space    used 5446K, committed 5824K, reserved 1048576K
}
Event: 932.780 GC heap after
{Heap after GC invocations=770 (full 643):
 PSYoungGen      total 43008K, used 29696K [0x00000000f5580000, 0x00000000f8d80000, 0x0000000100000000)
  eden space 29696K, 100% used [0x00000000f5580000,0x00000000f7280000,0x00000000f7280000)
  from space 13312K, 0% used [0x00000000f7280000,0x00000000f7280000,0x00000000f7f80000)
  to   space 12800K, 0% used [0x00000000f7f80000,0x00000000f7f80000,0x00000000f8c00000)
 ParOldGen       total 349696K, used 349693K [0x00000000e0000000, 0x00000000f5580000, 0x00000000f5580000)
  object space 349696K, 99% used [0x00000000e0000000,0x00000000f557f408,0x00000000f5580000)
 Metaspace       used 54656K, committed 55488K, reserved 1105920K
  class space    used 5446K, committed 5824K, reserved 1048576K
}
Event: 932.781 GC heap before
{Heap before GC invocations=771 (full 644):
 PSYoungGen      total 43008K, used 29696K [0x00000000f5580000, 0x00000000f8d80000, 0x0000000100000000)
  eden space 29696K, 100% used [0x00000000f5580000,0x00000000f7280000,0x00000000f7280000)
  from space 13312K, 0% used [0x00000000f7280000,0x00000000f7280000,0x00000000f7f80000)
  to   space 12800K, 0% used [0x00000000f7f80000,0x00000000f7f80000,0x00000000f8c00000)
 ParOldGen       total 349696K, used 349695K [0x00000000e0000000, 0x00000000f5580000, 0x00000000f5580000)
  object space 349696K, 99% used [0x00000000e0000000,0x00000000f557fdb0,0x00000000f5580000)
 Metaspace       used 54657K, committed 55488K, reserved 1105920K
  class space    used 5446K, committed 5824K, reserved 1048576K
}
Event: 933.980 GC heap after
{Heap after GC invocations=771 (full 644):
 PSYoungGen      total 42496K, used 29695K [0x00000000f5580000, 0x00000000f8d80000, 0x0000000100000000)
  eden space 29696K, 99% used [0x00000000f5580000,0x00000000f727ffd0,0x00000000f7280000)
  from space 12800K, 0% used [0x00000000f7f80000,0x00000000f7f80000,0x00000000f8c00000)
  to   space 13312K, 0% used [0x00000000f7280000,0x00000000f7280000,0x00000000f7f80000)
 ParOldGen       total 349696K, used 349694K [0x00000000e0000000, 0x00000000f5580000, 0x00000000f5580000)
  object space 349696K, 99% used [0x00000000e0000000,0x00000000f557fa00,0x00000000f5580000)
 Metaspace       used 54657K, committed 55488K, reserved 1105920K
  class space    used 5446K, committed 5824K, reserved 1048576K
}
Event: 933.980 GC heap before
{Heap before GC invocations=772 (full 645):
 PSYoungGen      total 42496K, used 29695K [0x00000000f5580000, 0x00000000f8d80000, 0x0000000100000000)
  eden space 29696K, 99% used [0x00000000f5580000,0x00000000f727fff8,0x00000000f7280000)
  from space 12800K, 0% used [0x00000000f7f80000,0x00000000f7f80000,0x00000000f8c00000)
  to   space 13312K, 0% used [0x00000000f7280000,0x00000000f7280000,0x00000000f7f80000)
 ParOldGen       total 349696K, used 349695K [0x00000000e0000000, 0x00000000f5580000, 0x00000000f5580000)
  object space 349696K, 99% used [0x00000000e0000000,0x00000000f557ff28,0x00000000f5580000)
 Metaspace       used 54657K, committed 55488K, reserved 1105920K
  class space    used 5446K, committed 5824K, reserved 1048576K
}
Event: 935.250 GC heap after
{Heap after GC invocations=772 (full 645):
 PSYoungGen      total 43008K, used 29695K [0x00000000f5580000, 0x00000000f8d80000, 0x0000000100000000)
  eden space 29696K, 99% used [0x00000000f5580000,0x00000000f727ffd0,0x00000000f7280000)
  from space 13312K, 0% used [0x00000000f7280000,0x00000000f7280000,0x00000000f7f80000)
  to   space 12800K, 0% used [0x00000000f7f80000,0x00000000f7f80000,0x00000000f8c00000)
 ParOldGen       total 349696K, used 349694K [0x00000000e0000000, 0x00000000f5580000, 0x00000000f5580000)
  object space 349696K, 99% used [0x00000000e0000000,0x00000000f557fb50,0x00000000f5580000)
 Metaspace       used 54657K, committed 55488K, reserved 1105920K
  class space    used 5446K, committed 5824K, reserved 1048576K
}
Event: 935.250 GC heap before
{Heap before GC invocations=773 (full 646):
 PSYoungGen      total 43008K, used 29695K [0x00000000f5580000, 0x00000000f8d80000, 0x0000000100000000)
  eden space 29696K, 99% used [0x00000000f5580000,0x00000000f727ffd0,0x00000000f7280000)
  from space 13312K, 0% used [0x00000000f7280000,0x00000000f7280000,0x00000000f7f80000)
  to   space 12800K, 0% used [0x00000000f7f80000,0x00000000f7f80000,0x00000000f8c00000)
 ParOldGen       total 349696K, used 349694K [0x00000000e0000000, 0x00000000f5580000, 0x00000000f5580000)
  object space 349696K, 99% used [0x00000000e0000000,0x00000000f557fb50,0x00000000f5580000)
 Metaspace       used 54657K, committed 55488K, reserved 1105920K
  class space    used 5446K, committed 5824K, reserved 1048576K
}
Event: 936.452 GC heap after
{Heap after GC invocations=773 (full 646):
 PSYoungGen      total 42496K, used 29695K [0x00000000f5580000, 0x00000000f8d80000, 0x0000000100000000)
  eden space 29696K, 99% used [0x00000000f5580000,0x00000000f727ffd0,0x00000000f7280000)
  from space 12800K, 0% used [0x00000000f7f80000,0x00000000f7f80000,0x00000000f8c00000)
  to   space 13312K, 0% used [0x00000000f7280000,0x00000000f7280000,0x00000000f7f80000)
 ParOldGen       total 349696K, used 349694K [0x00000000e0000000, 0x00000000f5580000, 0x00000000f5580000)
  object space 349696K, 99% used [0x00000000e0000000,0x00000000f557fb50,0x00000000f5580000)
 Metaspace       used 54657K, committed 55488K, reserved 1105920K
  class space    used 5446K, committed 5824K, reserved 1048576K
}

Dll operation events (9 events):
Event: 0.002 Loaded shared library /nix/store/gpxl5qgg8kicmcvivwmybwjlpf7wh20l-graalvm17-ce-22.3.0/lib/libjava.so
Event: 0.010 Loaded shared library /nix/store/gpxl5qgg8kicmcvivwmybwjlpf7wh20l-graalvm17-ce-22.3.0/lib/libjsvml.so
Event: 0.204 Loaded shared library /nix/store/gpxl5qgg8kicmcvivwmybwjlpf7wh20l-graalvm17-ce-22.3.0/lib/libnio.so
Event: 0.208 Loaded shared library /nix/store/gpxl5qgg8kicmcvivwmybwjlpf7wh20l-graalvm17-ce-22.3.0/lib/libjvmcicompiler.so
Event: 0.214 Loaded shared library /nix/store/gpxl5qgg8kicmcvivwmybwjlpf7wh20l-graalvm17-ce-22.3.0/lib/libzip.so
Event: 0.634 Loaded shared library /nix/store/gpxl5qgg8kicmcvivwmybwjlpf7wh20l-graalvm17-ce-22.3.0/lib/libjimage.so
Event: 1.266 Loaded shared library /nix/store/gpxl5qgg8kicmcvivwmybwjlpf7wh20l-graalvm17-ce-22.3.0/lib/libnet.so
Event: 4.688 Loaded shared library /home/runner/.cache/jdt-language-server/config/org.eclipse.equinox.launcher/org.eclipse.equinox.launcher.gtk.linux.x86_64_1.2.400.v20211117-0650/eclipse_11600.so
Event: 19.947 Loaded shared library /nix/store/gpxl5qgg8kicmcvivwmybwjlpf7wh20l-graalvm17-ce-22.3.0/lib/libextnet.so

Deoptimization events (20 events):
Event: 83.394 Thread 0x00007f6ed8480760 DEOPT PACKING pc=0x00007f6f2c152305 sp=0x00007f6ef07fe530
Event: 83.394 Thread 0x00007f6ed8480760 DEOPT UNPACKING pc=0x00007f6f2b505325 sp=0x00007f6ef07fda20 mode 0
Event: 83.396 Thread 0x00007f6ed8480760 DEOPT PACKING pc=0x00007f6f2c152305 sp=0x00007f6ef07fe530
Event: 83.396 Thread 0x00007f6ed8480760 DEOPT UNPACKING pc=0x00007f6f2b505325 sp=0x00007f6ef07fda20 mode 0
Event: 83.398 Thread 0x00007f6ed8480760 DEOPT PACKING pc=0x00007f6f2c152305 sp=0x00007f6ef07fe530
Event: 83.398 Thread 0x00007f6ed8480760 DEOPT UNPACKING pc=0x00007f6f2b505325 sp=0x00007f6ef07fda20 mode 0
Event: 83.399 Thread 0x00007f6ed8480760 DEOPT PACKING pc=0x00007f6f2c152305 sp=0x00007f6ef07fe530
Event: 83.399 Thread 0x00007f6ed8480760 DEOPT UNPACKING pc=0x00007f6f2b505325 sp=0x00007f6ef07fda20 mode 0
Event: 440.898 Thread 0x00007f6f440b21e0 Uncommon trap: trap_request=0xffffffcd fr.pc=0x00007f6f3315b805 relative=0x00000000000004c5
Event: 440.898 Thread 0x00007f6f440b21e0 Uncommon trap: reason=intrinsic_or_type_checked_inlining action=reinterpret pc=0x00007f6f3315b805 method=java.io.DataOutputStream.writeInt(I)V @ 0 jvmci
Event: 440.898 Thread 0x00007f6f440b21e0 DEOPT PACKING pc=0x00007f6f3315b805 sp=0x00007f6f298fe000
Event: 440.898 Thread 0x00007f6f440b21e0 DEOPT UNPACKING pc=0x00007f6f2b505325 sp=0x00007f6f298fd4d8 mode 3
Event: 752.652 Thread 0x00007f6eb016e500 Uncommon trap: trap_request=0xffffff8f fr.pc=0x00007f6f33148e78 relative=0x00000000000009b8
Event: 752.652 Thread 0x00007f6eb016e500 Uncommon trap: reason=constraint action=none pc=0x00007f6f33148e78 method=java.util.Hashtable.addEntry(ILjava/lang/Object;Ljava/lang/Object;I)V @ 42 jvmci
Event: 752.652 Thread 0x00007f6eb016e500 DEOPT PACKING pc=0x00007f6f33148e78 sp=0x00007f6ef08fdf60
Event: 752.652 Thread 0x00007f6eb016e500 DEOPT UNPACKING pc=0x00007f6f2b505325 sp=0x00007f6ef08fd388 mode 3
Event: 756.483 Thread 0x00007f6eb016e500 Uncommon trap: trap_request=0xffffff8f fr.pc=0x00007f6f33148e78 relative=0x00000000000009b8
Event: 756.483 Thread 0x00007f6eb016e500 Uncommon trap: reason=constraint action=none pc=0x00007f6f33148e78 method=java.util.Hashtable.addEntry(ILjava/lang/Object;Ljava/lang/Object;I)V @ 42 jvmci
Event: 756.483 Thread 0x00007f6eb016e500 DEOPT PACKING pc=0x00007f6f33148e78 sp=0x00007f6ef08fdf60
Event: 756.483 Thread 0x00007f6eb016e500 DEOPT UNPACKING pc=0x00007f6f2b505325 sp=0x00007f6ef08fd388 mode 3

Classes unloaded (20 events):
Event: 152.777 Thread 0x00007f6f440a1c10 Unloading class 0x0000000800d05000 'java/lang/invoke/LambdaForm$MH+0x0000000800d05000'
Event: 152.777 Thread 0x00007f6f440a1c10 Unloading class 0x0000000800d04c00 'java/lang/invoke/LambdaForm$MH+0x0000000800d04c00'
Event: 152.777 Thread 0x00007f6f440a1c10 Unloading class 0x0000000800d04800 'java/lang/invoke/LambdaForm$MH+0x0000000800d04800'
Event: 160.869 Thread 0x00007f6f440a1c10 Unloading class 0x0000000800f09000 'jdk/internal/reflect/GeneratedConstructorAccessor14'
Event: 160.869 Thread 0x00007f6f440a1c10 Unloading class 0x0000000800f08800 'jdk/internal/reflect/GeneratedConstructorAccessor12'
Event: 160.869 Thread 0x00007f6f440a1c10 Unloading class 0x0000000800f08400 'jdk/internal/reflect/GeneratedConstructorAccessor11'
Event: 160.869 Thread 0x00007f6f440a1c10 Unloading class 0x0000000800f08000 'jdk/internal/reflect/GeneratedConstructorAccessor10'
Event: 165.260 Thread 0x00007f6f440a1c10 Unloading class 0x0000000801059000 'java/lang/invoke/LambdaForm$MH+0x0000000801059000'
Event: 165.260 Thread 0x00007f6f440a1c10 Unloading class 0x0000000801058c00 'java/lang/invoke/LambdaForm$MH+0x0000000801058c00'
Event: 165.260 Thread 0x00007f6f440a1c10 Unloading class 0x0000000801058800 'java/lang/invoke/LambdaForm$MH+0x0000000801058800'
Event: 165.260 Thread 0x00007f6f440a1c10 Unloading class 0x0000000801058400 'java/lang/invoke/LambdaForm$MH+0x0000000801058400'
Event: 165.260 Thread 0x00007f6f440a1c10 Unloading class 0x0000000801058000 'java/lang/invoke/LambdaForm$MH+0x0000000801058000'
Event: 165.260 Thread 0x00007f6f440a1c10 Unloading class 0x0000000801052400 'java/lang/invoke/LambdaForm$MH+0x0000000801052400'
Event: 165.260 Thread 0x00007f6f440a1c10 Unloading class 0x0000000800d98400 'java/lang/invoke/LambdaForm$MH+0x0000000800d98400'
Event: 165.260 Thread 0x00007f6f440a1c10 Unloading class 0x0000000800d04000 'java/lang/invoke/LambdaForm$MH+0x0000000800d04000'
Event: 184.601 Thread 0x00007f6f440a1c10 Unloading class 0x0000000801089400 'jdk/internal/reflect/GeneratedSerializationConstructorAccessor4'
Event: 184.601 Thread 0x00007f6f440a1c10 Unloading class 0x0000000801089000 'jdk/internal/reflect/GeneratedSerializationConstructorAccessor3'
Event: 184.601 Thread 0x00007f6f440a1c10 Unloading class 0x0000000801088c00 'jdk/internal/reflect/GeneratedSerializationConstructorAccessor2'
Event: 184.601 Thread 0x00007f6f440a1c10 Unloading class 0x0000000801088800 'jdk/internal/reflect/GeneratedSerializationConstructorAccessor1'
Event: 203.646 Thread 0x00007f6f440a1c10 Unloading class 0x0000000801192400 'jdk/internal/reflect/GeneratedConstructorAccessor33'

Classes redefined (0 events):
No events

Internal exceptions (20 events):
Event: 53.904 Thread 0x00007f6ec0000ff0 Exception <a 'java/lang/NoSuchMethodError'{0x00000000f5f933a0}: 'java.lang.Object java.lang.invoke.DirectMethodHandle$Holder.invokeSpecial(java.lang.Object, java.lang.Object, java.lang.Object, java.lang.Object, long)'> (0x00000000f5f933a0) 
thrown [src/hotspot/share/interpreter/linkResolver.cpp, line 758]
Event: 53.904 Thread 0x00007f6ec0000ff0 Exception <a 'java/lang/NoSuchMethodError'{0x00000000f5f973e0}: 'java.lang.Object java.lang.invoke.Invokers$Holder.linkToTargetMethod(java.lang.Object, java.lang.Object, long, java.lang.Object)'> (0x00000000f5f973e0) 
thrown [src/hotspot/share/interpreter/linkResolver.cpp, line 758]
Event: 54.435 Thread 0x00007f6eb016f0c0 Implicit null exception at 0x00007f6f330c843f to 0x00007f6f330c8583
Event: 55.804 Thread 0x00007f6eb0170020 Implicit null exception at 0x00007f6f3312d1b0 to 0x00007f6f3312d406
Event: 56.181 Thread 0x00007f6eb016e500 Exception <a 'java/lang/NoSuchMethodError'{0x00000000f5d851f0}: 'java.lang.Object java.lang.invoke.DirectMethodHandle$Holder.invokeStatic(java.lang.Object, int, java.lang.Object, java.lang.Object, java.lang.Object, java.lang.Object)'> (0x00000000f5d851f0) 
thrown [src/hotspot/share/interpreter/linkResolver.cpp, line 758]
Event: 56.342 Thread 0x00007f6eb0170020 Exception <a 'java/lang/NoSuchMethodError'{0x00000000f605f528}: 'java.lang.Object java.lang.invoke.DirectMethodHandle$Holder.invokeSpecial(java.lang.Object, java.lang.Object, java.lang.Object, int, java.lang.Object, java.lang.Object, java.lang.Object, java.lang.Object)'> (0x00000000f605f528) 
thrown [src/hotspot/share/interpreter/linkResolver.cpp, line 758]
Event: 56.347 Thread 0x00007f6eb0170020 Exception <a 'java/lang/NoSuchMethodError'{0x00000000f6063420}: 'java.lang.Object java.lang.invoke.Invokers$Holder.linkToTargetMethod(java.lang.Object, int, java.lang.Object, java.lang.Object, java.lang.Object, java.lang.Object, java.lang.Object)'> (0x00000000f6063420) 
thrown [src/hotspot/share/interpreter/linkResolver.cpp, line 758]
Event: 56.650 Thread 0x00007f6eb016f0c0 Exception <a 'java/lang/NoSuchMethodError'{0x00000000f5934da8}: 'void java.lang.invoke.DirectMethodHandle$Holder.invokeSpecial(java.lang.Object, java.lang.Object, int)'> (0x00000000f5934da8) 
thrown [src/hotspot/share/interpreter/linkResolver.cpp, line 758]
Event: 59.443 Thread 0x00007f6eb016f0c0 Exception <a 'java/lang/NoSuchMethodError'{0x00000000f5dff520}: 'int java.lang.invoke.DirectMethodHandle$Holder.invokeSpecialIFC(java.lang.Object, java.lang.Object, java.lang.Object, java.lang.Object)'> (0x00000000f5dff520) 
thrown [src/hotspot/share/interpreter/linkResolver.cpp, line 758]
Event: 66.041 Thread 0x00007f6ed8480760 Implicit null exception at 0x00007f6f33170d66 to 0x00007f6f33174cdf
Event: 68.665 Thread 0x00007f6ed8480760 Implicit null exception at 0x00007f6f3317a3bd to 0x00007f6f3317a8aa
Event: 733.355 Thread 0x00007f6f443c3fa0 Exception <a 'java/lang/OutOfMemoryError'{0x00000000e0007f90}> (0x00000000e0007f90) 
thrown [src/hotspot/share/gc/shared/memAllocator.cpp, line 136]
Event: 747.393 Thread 0x00007f6eb016f0c0 Exception <a 'java/lang/OutOfMemoryError'{0x00000000e0008260}> (0x00000000e0008260) 
thrown [src/hotspot/share/gc/shared/memAllocator.cpp, line 136]
Event: 752.652 Thread 0x00007f6eb016e500 Exception <a 'java/lang/OutOfMemoryError'{0x00000000e0008530}> (0x00000000e0008530) 
thrown [src/hotspot/share/gc/shared/memAllocator.cpp, line 138]
Event: 752.652 Thread 0x00007f6eb016e500 Implicit null exception at 0x00007f6f3314895b to 0x00007f6f33148e5d
Event: 756.483 Thread 0x00007f6eb016e500 Exception <a 'java/lang/OutOfMemoryError'{0x00000000e0008530}> (0x00000000e0008530) 
thrown [src/hotspot/share/gc/shared/memAllocator.cpp, line 138]
Event: 756.483 Thread 0x00007f6eb016e500 Implicit null exception at 0x00007f6f3314895b to 0x00007f6f33148e5d
Event: 759.050 Thread 0x00007f6eb016e500 Exception <a 'java/lang/OutOfMemoryError'{0x00000000e0008850}> (0x00000000e0008850) 
thrown [src/hotspot/share/gc/shared/memAllocator.cpp, line 136]
Event: 790.566 Thread 0x00007f6f443c3fa0 Exception <a 'java/lang/reflect/InvocationTargetException'{0x00000000f5571ee0}> (0x00000000f5571ee0) 
thrown [src/hotspot/share/runtime/reflection.cpp, line 1119]
Event: 936.452 Thread 0x00007f6f440b21e0 Exception <a 'java/lang/OutOfMemoryError'{0x00000000e0008850}> (0x00000000e0008850) 
thrown [src/hotspot/share/gc/shared/memAllocator.cpp, line 136]

VM Operations (20 events):
Event: 921.993 Executing VM operation: ParallelGCFailedAllocation
Event: 923.174 Executing VM operation: ParallelGCFailedAllocation done
Event: 923.174 Executing VM operation: ParallelGCFailedAllocation
Event: 924.371 Executing VM operation: ParallelGCFailedAllocation done
Event: 924.371 Executing VM operation: ParallelGCFailedAllocation
Event: 925.587 Executing VM operation: ParallelGCFailedAllocation done
Event: 925.587 Executing VM operation: ParallelGCFailedAllocation
Event: 926.781 Executing VM operation: ParallelGCFailedAllocation done
Event: 926.781 Executing VM operation: ParallelGCFailedAllocation
Event: 929.268 Executing VM operation: ParallelGCFailedAllocation done
Event: 929.269 Executing VM operation: ParallelGCFailedAllocation
Event: 930.457 Executing VM operation: ParallelGCFailedAllocation done
Event: 930.457 Executing VM operation: ParallelGCFailedAllocation
Event: 931.561 Executing VM operation: ParallelGCFailedAllocation done
Event: 931.561 Executing VM operation: ParallelGCFailedAllocation
Event: 932.780 Executing VM operation: ParallelGCFailedAllocation done
Event: 932.780 Executing VM operation: ParallelGCFailedAllocation
Event: 933.980 Executing VM operation: ParallelGCFailedAllocation done
Event: 933.980 Executing VM operation: ParallelGCFailedAllocation
Event: 936.452 Executing VM operation: ParallelGCFailedAllocation done

Events (20 events):
Event: 793.136 loading class java/util/concurrent/CancellationException done
Event: 826.576 Thread 0x00007f6ea806e400 Thread added: 0x00007f6ea806e400
Event: 826.576 Protecting memory [0x00007f6f28900000,0x00007f6f28904000] with protection modes 0
Event: 828.866 loading class java/util/logging/ConsoleHandler
Event: 828.866 loading class java/util/logging/StreamHandler
Event: 828.867 loading class java/util/logging/StreamHandler done
Event: 828.867 loading class java/util/logging/ConsoleHandler done
Event: 828.867 loading class java/util/logging/SimpleFormatter
Event: 828.867 loading class java/util/logging/Formatter
Event: 833.207 loading class java/util/logging/Formatter done
Event: 833.207 loading class java/util/logging/SimpleFormatter done
Event: 833.207 Thread 0x00007f6ea806e400 Thread exited: 0x00007f6ea806e400
Event: 845.165 loading class jdk/internal/logger/SurrogateLogger
Event: 845.165 loading class jdk/internal/logger/SimpleConsoleLogger
Event: 845.166 loading class jdk/internal/logger/SimpleConsoleLogger done
Event: 845.166 loading class jdk/internal/logger/SurrogateLogger done
Event: 870.873 loading class jdk/internal/logger/SimpleConsoleLogger$Formatting
Event: 875.877 loading class jdk/internal/logger/SimpleConsoleLogger$Formatting done
Event: 877.064 loading class java/util/logging/ErrorManager
Event: 881.866 loading class java/util/logging/ErrorManager done


Dynamic libraries:
e0000000-f5580000 rw-p 00000000 00:00 0 
f5580000-f8d80000 rw-p 00000000 00:00 0 
f8d80000-100000000 ---p 00000000 00:00 0 
800000000-800449000 rw-p 00001000 00:11cd 4611686019135357769            /nix/store/gpxl5qgg8kicmcvivwmybwjlpf7wh20l-graalvm17-ce-22.3.0/lib/server/classes.jsa
800449000-800bc8000 r--p 0044a000 00:11cd 4611686019135357769            /nix/store/gpxl5qgg8kicmcvivwmybwjlpf7wh20l-graalvm17-ce-22.3.0/lib/server/classes.jsa
800bc8000-800c00000 ---p 00000000 00:00 0 
800c00000-800c20000 rw-p 00000000 00:00 0 
800c20000-800c40000 rw-p 00000000 00:00 0 
800c40000-800cc0000 rw-p 00000000 00:00 0 
800cc0000-800d00000 rw-p 00000000 00:00 0 
800d00000-800dc0000 rw-p 00000000 00:00 0 
800dc0000-800e00000 rw-p 00000000 00:00 0 
800e00000-800f80000 rw-p 00000000 00:00 0 
800f80000-800fc0000 rw-p 00000000 00:00 0 
800fc0000-801000000 rw-p 00000000 00:00 0 
801000000-8011b0000 rw-p 00000000 00:00 0 
8011b0000-840c00000 ---p 00000000 00:00 0 
559334229000-55933422a000 r-xp 00000000 00:11cd 4611686019099417844      /nix/store/gpxl5qgg8kicmcvivwmybwjlpf7wh20l-graalvm17-ce-22.3.0/bin/.java-wrapped
55933422b000-55933422c000 r--p 00001000 00:11cd 4611686019099417844      /nix/store/gpxl5qgg8kicmcvivwmybwjlpf7wh20l-graalvm17-ce-22.3.0/bin/.java-wrapped
55933422c000-55933422d000 rw-p 00002000 00:11cd 4611686019099417844      /nix/store/gpxl5qgg8kicmcvivwmybwjlpf7wh20l-graalvm17-ce-22.3.0/bin/.java-wrapped
55933422d000-55933422e000 rw-p 00004000 00:11cd 4611686019099417844      /nix/store/gpxl5qgg8kicmcvivwmybwjlpf7wh20l-graalvm17-ce-22.3.0/bin/.java-wrapped
55933422e000-55933422f000 rw-p 00005000 00:11cd 4611686019099417844      /nix/store/gpxl5qgg8kicmcvivwmybwjlpf7wh20l-graalvm17-ce-22.3.0/bin/.java-wrapped
5593348e7000-55933492f000 rw-p 00000000 00:00 0                          [heap]
7f6e88000000-7f6e88071000 rw-p 00000000 00:00 0 
7f6e88071000-7f6e8c000000 ---p 00000000 00:00 0 
7f6e90000000-7f6e900be000 rw-p 00000000 00:00 0 
7f6e900be000-7f6e94000000 ---p 00000000 00:00 0 
7f6e964b3000-7f6ea0000000 r--s 00000000 00:11cd 4611686019135192581      /nix/store/gpxl5qgg8kicmcvivwmybwjlpf7wh20l-graalvm17-ce-22.3.0/lib/modules
7f6ea0000000-7f6ea00a2000 rw-p 00000000 00:00 0 
7f6ea00a2000-7f6ea4000000 ---p 00000000 00:00 0 
7f6ea4000000-7f6ea4078000 rw-p 00000000 00:00 0 
7f6ea4078000-7f6ea8000000 ---p 00000000 00:00 0 
7f6ea8000000-7f6ea808b000 rw-p 00000000 00:00 0 
7f6ea808b000-7f6eac000000 ---p 00000000 00:00 0 
7f6ead800000-7f6ead880000 rw-p 00000000 00:00 0 
7f6ead880000-7f6ead8b0000 rw-p 00000000 00:00 0 
7f6ead8b0000-7f6eae000000 ---p 00000000 00:00 0 
7f6eae800000-7f6eae8c0000 rw-p 00000000 00:00 0 
7f6eae8c0000-7f6eaf000000 rw-p 00000000 00:00 0 
7f6eaf000000-7f6eaf500000 rw-p 00000000 00:00 0 
7f6eaf500000-7f6eaf5d0000 rw-p 00000000 00:00 0 
7f6eaf5d0000-7f6eaf600000 ---p 00000000 00:00 0 
7f6eaf600000-7f6eaf800000 rw-p 00000000 00:00 0 
7f6eaf800000-7f6eaf900000 rw-p 00000000 00:00 0 
7f6eaf900000-7f6eafa00000 rw-p 00000000 00:00 0 
7f6eafa00000-7f6eafb00000 rw-p 00000000 00:00 0 
7f6eafb00000-7f6eafc00000 rw-p 00000000 00:00 0 
7f6eafc00000-7f6eafd00000 rw-p 00000000 00:00 0 
7f6eafd00000-7f6eafe00000 rw-p 00000000 00:00 0 
7f6eafe00000-7f6eaff00000 rw-p 00000000 00:00 0 
7f6eaff00000-7f6eb0000000 rw-p 00000000 00:00 0 
7f6eb0000000-7f6eb0182000 rw-p 00000000 00:00 0 
7f6eb0182000-7f6eb4000000 ---p 00000000 00:00 0 
7f6eb4000000-7f6eb40e4000 rw-p 00000000 00:00 0 
7f6eb40e4000-7f6eb8000000 ---p 00000000 00:00 0 
7f6eb8000000-7f6eb8021000 rw-p 00000000 00:00 0 
7f6eb8021000-7f6ebc000000 ---p 00000000 00:00 0 
7f6ebc000000-7f6ebc021000 rw-p 00000000 00:00 0 
7f6ebc021000-7f6ec0000000 ---p 00000000 00:00 0 
7f6ec0000000-7f6ec003b000 rw-p 00000000 00:00 0 
7f6ec003b000-7f6ec4000000 ---p 00000000 00:00 0 
7f6ec4000000-7f6ec4079000 rw-p 00000000 00:00 0 
7f6ec4079000-7f6ec8000000 ---p 00000000 00:00 0 
7f6ec8000000-7f6ec8021000 rw-p 00000000 00:00 0 
7f6ec8021000-7f6ecc000000 ---p 00000000 00:00 0 
7f6ecc000000-7f6ecc361000 rw-p 00000000 00:00 0 
7f6ecc361000-7f6ed0000000 ---p 00000000 00:00 0 
7f6ed0000000-7f6ed0021000 rw-p 00000000 00:00 0 
7f6ed0021000-7f6ed4000000 ---p 00000000 00:00 0 
7f6ed4000000-7f6ed40fc000 rw-p 00000000 00:00 0 
7f6ed40fc000-7f6ed8000000 ---p 00000000 00:00 0 
7f6ed8000000-7f6ed88b9000 rw-p 00000000 00:00 0 
7f6ed88b9000-7f6edc000000 ---p 00000000 00:00 0 
7f6edc000000-7f6edc025000 rw-p 00000000 00:00 0 
7f6edc025000-7f6ee0000000 ---p 00000000 00:00 0 
7f6ee0000000-7f6ee0021000 rw-p 00000000 00:00 0 
7f6ee0021000-7f6ee4000000 ---p 00000000 00:00 0 
7f6ee4000000-7f6ee4021000 rw-p 00000000 00:00 0 
7f6ee4021000-7f6ee8000000 ---p 00000000 00:00 0 
7f6ee8000000-7f6ee8021000 rw-p 00000000 00:00 0 
7f6ee8021000-7f6eec000000 ---p 00000000 00:00 0 
7f6eec000000-7f6eec100000 rw-p 00000000 00:00 0 
7f6eec100000-7f6eec200000 rw-p 00000000 00:00 0 
7f6eec200000-7f6eec800000 rw-p 00000000 00:00 0 
7f6eec800000-7f6eec900000 rw-p 00000000 00:00 0 
7f6eec900000-7f6eeca00000 rw-p 00000000 00:00 0 
7f6eeca00000-7f6eecd00000 rw-p 00000000 00:00 0 
7f6eecd00000-7f6eece00000 rw-p 00000000 00:00 0 
7f6eece00000-7f6eed000000 rw-p 00000000 00:00 0 
7f6eed200000-7f6eed210000 r-xp 00000000 00:115c 353                      /home/runner/.cache/jdt-language-server/config/org.eclipse.equinox.launcher/org.eclipse.equinox.launcher.gtk.linux.x86_64_1.2.400.v20211117-0650/eclipse_11600.so
7f6eed210000-7f6eed40f000 ---p 00010000 00:115c 353                      /home/runner/.cache/jdt-language-server/config/org.eclipse.equinox.launcher/org.eclipse.equinox.launcher.gtk.linux.x86_64_1.2.400.v20211117-0650/eclipse_11600.so
7f6eed40f000-7f6eed410000 r--p 0000f000 00:115c 353                      /home/runner/.cache/jdt-language-server/config/org.eclipse.equinox.launcher/org.eclipse.equinox.launcher.gtk.linux.x86_64_1.2.400.v20211117-0650/eclipse_11600.so
7f6eed410000-7f6eed411000 rw-p 00010000 00:115c 353                      /home/runner/.cache/jdt-language-server/config/org.eclipse.equinox.launcher/org.eclipse.equinox.launcher.gtk.linux.x86_64_1.2.400.v20211117-0650/eclipse_11600.so
7f6eee700000-7f6eee800000 ---p 00000000 00:00 0 
7f6eee800000-7f6eeedaf000 r--p 01122000 00:11cd 4611686019135190040      /nix/store/gpxl5qgg8kicmcvivwmybwjlpf7wh20l-graalvm17-ce-22.3.0/lib/libjvmcicompiler.so
7f6eeedaf000-7f6eeef00000 r--p 00000000 00:00 0 
7f6eeef00000-7f6eeef3d000 rw-p 00000000 00:00 0 
7f6eeef3d000-7f6eef45d000 rw-p 0185f000 00:11cd 4611686019135190040      /nix/store/gpxl5qgg8kicmcvivwmybwjlpf7wh20l-graalvm17-ce-22.3.0/lib/libjvmcicompiler.so
7f6eef45d000-7f6eef844000 r--p 01d7f000 00:11cd 4611686019135190040      /nix/store/gpxl5qgg8kicmcvivwmybwjlpf7wh20l-graalvm17-ce-22.3.0/lib/libjvmcicompiler.so
7f6eef900000-7f6eef904000 ---p 00000000 00:00 0 
7f6eef904000-7f6eefa00000 rw-p 00000000 00:00 0 
7f6eefb00000-7f6eefb04000 ---p 00000000 00:00 0 
7f6eefb04000-7f6eefc00000 rw-p 00000000 00:00 0 
7f6eefd00000-7f6eefd04000 ---p 00000000 00:00 0 
7f6eefd04000-7f6eefe00000 rw-p 00000000 00:00 0 
7f6eeff00000-7f6eeff04000 ---p 00000000 00:00 0 
7f6eeff04000-7f6ef0000000 rw-p 00000000 00:00 0 
7f6ef0100000-7f6ef0104000 ---p 00000000 00:00 0 
7f6ef0104000-7f6ef0200000 rw-p 00000000 00:00 0 
7f6ef0300000-7f6ef0304000 ---p 00000000 00:00 0 
7f6ef0304000-7f6ef0400000 rw-p 00000000 00:00 0 
7f6ef0500000-7f6ef0504000 ---p 00000000 00:00 0 
7f6ef0504000-7f6ef0600000 rw-p 00000000 00:00 0 
7f6ef0700000-7f6ef0704000 ---p 00000000 00:00 0 
7f6ef0704000-7f6ef0800000 rw-p 00000000 00:00 0 
7f6ef0800000-7f6ef0804000 ---p 00000000 00:00 0 
7f6ef0804000-7f6ef0900000 rw-p 00000000 00:00 0 
7f6ef0900000-7f6ef0904000 ---p 00000000 00:00 0 
7f6ef0904000-7f6ef0a00000 rw-p 00000000 00:00 0 
7f6ef17a9000-7f6ef1b00000 rw-p 00000000 00:00 0 
7f6ef1c00000-7f6ef3d6a000 r-xp 00000000 00:11cd 4611686019135190040      /nix/store/gpxl5qgg8kicmcvivwmybwjlpf7wh20l-graalvm17-ce-22.3.0/lib/libjvmcicompiler.so
7f6ef3d6a000-7f6ef3f69000 ---p 0216a000 00:11cd 4611686019135190040      /nix/store/gpxl5qgg8kicmcvivwmybwjlpf7wh20l-graalvm17-ce-22.3.0/lib/libjvmcicompiler.so
7f6ef3f69000-7f6ef3f6a000 r--p 02169000 00:11cd 4611686019135190040      /nix/store/gpxl5qgg8kicmcvivwmybwjlpf7wh20l-graalvm17-ce-22.3.0/lib/libjvmcicompiler.so
7f6ef3f6a000-7f6ef3f6c000 rw-p 0216a000 00:11cd 4611686019135190040      /nix/store/gpxl5qgg8kicmcvivwmybwjlpf7wh20l-graalvm17-ce-22.3.0/lib/libjvmcicompiler.so
7f6ef3f6c000-7f6ef3f6d000 rw-p 00000000 00:00 0 
7f6ef3f6d000-7f6ef3f72000 rw-p 023c3000 00:11cd 4611686019135190040      /nix/store/gpxl5qgg8kicmcvivwmybwjlpf7wh20l-graalvm17-ce-22.3.0/lib/libjvmcicompiler.so
7f6ef4000000-7f6ef4021000 rw-p 00000000 00:00 0 
7f6ef4021000-7f6ef8000000 ---p 00000000 00:00 0 
7f6ef8000000-7f6ef8021000 rw-p 00000000 00:00 0 
7f6ef8021000-7f6efc000000 ---p 00000000 00:00 0 
7f6efc000000-7f6efc021000 rw-p 00000000 00:00 0 
7f6efc021000-7f6f00000000 ---p 00000000 00:00 0 
7f6f00000000-7f6f00021000 rw-p 00000000 00:00 0 
7f6f00021000-7f6f04000000 ---p 00000000 00:00 0 
7f6f04000000-7f6f040e4000 rw-p 00000000 00:00 0 
7f6f040e4000-7f6f08000000 ---p 00000000 00:00 0 
7f6f08000000-7f6f08b12000 rw-p 00000000 00:00 0 
7f6f08b12000-7f6f0c000000 ---p 00000000 00:00 0 
7f6f0c000000-7f6f0c021000 rw-p 00000000 00:00 0 
7f6f0c021000-7f6f10000000 ---p 00000000 00:00 0 
7f6f10000000-7f6f10021000 rw-p 00000000 00:00 0 
7f6f10021000-7f6f14000000 ---p 00000000 00:00 0 
7f6f14000000-7f6f14021000 rw-p 00000000 00:00 0 
7f6f14021000-7f6f18000000 ---p 00000000 00:00 0 
7f6f18000000-7f6f18021000 rw-p 00000000 00:00 0 
7f6f18021000-7f6f1c000000 ---p 00000000 00:00 0 
7f6f1c000000-7f6f1c021000 rw-p 00000000 00:00 0 
7f6f1c021000-7f6f20000000 ---p 00000000 00:00 0 
7f6f20000000-7f6f20021000 rw-p 00000000 00:00 0 
7f6f20021000-7f6f24000000 ---p 00000000 00:00 0 
7f6f24000000-7f6f24115000 rw-p 00000000 00:00 0 
7f6f24115000-7f6f28000000 ---p 00000000 00:00 0 
7f6f28000000-7f6f28004000 ---p 00000000 00:00 0 
7f6f28004000-7f6f28100000 rw-p 00000000 00:00 0 
7f6f28200000-7f6f28204000 ---p 00000000 00:00 0 
7f6f28204000-7f6f28300000 rw-p 00000000 00:00 0 
7f6f28400000-7f6f28404000 ---p 00000000 00:00 0 
7f6f28404000-7f6f28500000 rw-p 00000000 00:00 0 
7f6f28600000-7f6f28604000 ---p 00000000 00:00 0 
7f6f28604000-7f6f28700000 rw-p 00000000 00:00 0 
7f6f28800000-7f6f28804000 ---p 00000000 00:00 0 
7f6f28804000-7f6f28900000 rw-p 00000000 00:00 0 
7f6f28900000-7f6f28904000 ---p 00000000 00:00 0 
7f6f28904000-7f6f28a00000 rw-p 00000000 00:00 0 
7f6f28a00000-7f6f28a04000 ---p 00000000 00:00 0 
7f6f28a04000-7f6f28b00000 rw-p 00000000 00:00 0 
7f6f28c00000-7f6f28c04000 ---p 00000000 00:00 0 
7f6f28c04000-7f6f28d00000 rw-p 00000000 00:00 0 
7f6f28e00000-7f6f28e04000 ---p 00000000 00:00 0 
7f6f28e04000-7f6f28f00000 rw-p 00000000 00:00 0 
7f6f28fbd000-7f6f290fe000 rw-p 00000000 00:00 0 
7f6f290fe000-7f6f290ff000 ---p 00000000 00:00 0 
7f6f290ff000-7f6f29200000 rw-p 00000000 00:00 0 
7f6f29200000-7f6f29204000 ---p 00000000 00:00 0 
7f6f29204000-7f6f29300000 rw-p 00000000 00:00 0 
7f6f29300000-7f6f29304000 ---p 00000000 00:00 0 
7f6f29304000-7f6f29400000 rw-p 00000000 00:00 0 
7f6f29400000-7f6f29404000 ---p 00000000 00:00 0 
7f6f29404000-7f6f29500000 rw-p 00000000 00:00 0 
7f6f29500000-7f6f29504000 ---p 00000000 00:00 0 
7f6f29504000-7f6f29700000 rw-p 00000000 00:00 0 
7f6f29700000-7f6f29704000 ---p 00000000 00:00 0 
7f6f29704000-7f6f29900000 rw-p 00000000 00:00 0 
7f6f29900000-7f6f29904000 ---p 00000000 00:00 0 
7f6f29904000-7f6f29a00000 rw-p 00000000 00:00 0 
7f6f29a00000-7f6f29a04000 ---p 00000000 00:00 0 
7f6f29a04000-7f6f29b00000 rw-p 00000000 00:00 0 
7f6f29b00000-7f6f29b04000 ---p 00000000 00:00 0 
7f6f29b04000-7f6f2a000000 rw-p 00000000 00:00 0 
7f6f2a000000-7f6f2a300000 rw-p 00000000 00:00 0 
7f6f2a300000-7f6f2a400000 rw-p 00000000 00:00 0 
7f6f2a4b3000-7f6f2b4b3000 rw-p 00000000 00:00 0 
7f6f2b4b3000-7f6f2b723000 rwxp 00000000 00:00 0 
7f6f2b723000-7f6f2ba42000 ---p 00000000 00:00 0 
7f6f2ba42000-7f6f2c9b2000 rwxp 00000000 00:00 0 
7f6f2c9b2000-7f6f32f7a000 ---p 00000000 00:00 0 
7f6f32f7a000-7f6f331fa000 rwxp 00000000 00:00 0 
7f6f331fa000-7f6f3a4b3000 ---p 00000000 00:00 0 
7f6f3a4b3000-7f6f44000000 r--s 00000000 00:11cd 4611686019135192581      /nix/store/gpxl5qgg8kicmcvivwmybwjlpf7wh20l-graalvm17-ce-22.3.0/lib/modules
7f6f44000000-7f6f44612000 rw-p 00000000 00:00 0 
7f6f44612000-7f6f48000000 ---p 00000000 00:00 0 
7f6f48071000-7f6f48073000 r-xp 00000000 00:11cd 4611686019135190017      /nix/store/gpxl5qgg8kicmcvivwmybwjlpf7wh20l-graalvm17-ce-22.3.0/lib/libextnet.so
7f6f48073000-7f6f48074000 r--p 00001000 00:11cd 4611686019135190017      /nix/store/gpxl5qgg8kicmcvivwmybwjlpf7wh20l-graalvm17-ce-22.3.0/lib/libextnet.so
7f6f48074000-7f6f48075000 rw-p 00002000 00:11cd 4611686019135190017      /nix/store/gpxl5qgg8kicmcvivwmybwjlpf7wh20l-graalvm17-ce-22.3.0/lib/libextnet.so
7f6f48075000-7f6f48076000 rw-p 00004000 00:11cd 4611686019135190017      /nix/store/gpxl5qgg8kicmcvivwmybwjlpf7wh20l-graalvm17-ce-22.3.0/lib/libextnet.so
7f6f48076000-7f6f4807a000 ---p 00000000 00:00 0 
7f6f4807a000-7f6f48098000 rw-p 00000000 00:00 0 
7f6f48098000-7f6f4809f000 r-xp 00000000 00:11cd 4611686019135192580      /nix/store/gpxl5qgg8kicmcvivwmybwjlpf7wh20l-graalvm17-ce-22.3.0/lib/libzip.so
7f6f4809f000-7f6f480a0000 ---p 00007000 00:11cd 4611686019135192580      /nix/store/gpxl5qgg8kicmcvivwmybwjlpf7wh20l-graalvm17-ce-22.3.0/lib/libzip.so
7f6f480a0000-7f6f480a1000 r--p 00007000 00:11cd 4611686019135192580      /nix/store/gpxl5qgg8kicmcvivwmybwjlpf7wh20l-graalvm17-ce-22.3.0/lib/libzip.so
7f6f480a1000-7f6f480a2000 rw-p 00008000 00:11cd 4611686019135192580      /nix/store/gpxl5qgg8kicmcvivwmybwjlpf7wh20l-graalvm17-ce-22.3.0/lib/libzip.so
7f6f480a2000-7f6f480a4000 rw-p 0000b000 00:11cd 4611686019135192580      /nix/store/gpxl5qgg8kicmcvivwmybwjlpf7wh20l-graalvm17-ce-22.3.0/lib/libzip.so
7f6f480a4000-7f6f480b9000 r-xp 00000000 00:11cd 4611686019135192570      /nix/store/gpxl5qgg8kicmcvivwmybwjlpf7wh20l-graalvm17-ce-22.3.0/lib/libnet.so
7f6f480b9000-7f6f480ba000 ---p 00015000 00:11cd 4611686019135192570      /nix/store/gpxl5qgg8kicmcvivwmybwjlpf7wh20l-graalvm17-ce-22.3.0/lib/libnet.so
7f6f480ba000-7f6f480bb000 r--p 00015000 00:11cd 4611686019135192570      /nix/store/gpxl5qgg8kicmcvivwmybwjlpf7wh20l-graalvm17-ce-22.3.0/lib/libnet.so
7f6f480bb000-7f6f480bc000 rw-p 00016000 00:11cd 4611686019135192570      /nix/store/gpxl5qgg8kicmcvivwmybwjlpf7wh20l-graalvm17-ce-22.3.0/lib/libnet.so
7f6f480bc000-7f6f480bf000 rw-p 0001b000 00:11cd 4611686019135192570      /nix/store/gpxl5qgg8kicmcvivwmybwjlpf7wh20l-graalvm17-ce-22.3.0/lib/libnet.so
7f6f480bf000-7f6f480d2000 r-xp 00000000 00:11cd 4611686019135192571      /nix/store/gpxl5qgg8kicmcvivwmybwjlpf7wh20l-graalvm17-ce-22.3.0/lib/libnio.so
7f6f480d2000-7f6f480d3000 r--p 00012000 00:11cd 4611686019135192571      /nix/store/gpxl5qgg8kicmcvivwmybwjlpf7wh20l-graalvm17-ce-22.3.0/lib/libnio.so
7f6f480d3000-7f6f480d4000 rw-p 00013000 00:11cd 4611686019135192571      /nix/store/gpxl5qgg8kicmcvivwmybwjlpf7wh20l-graalvm17-ce-22.3.0/lib/libnio.so
7f6f480d4000-7f6f480d9000 rw-p 00019000 00:11cd 4611686019135192571      /nix/store/gpxl5qgg8kicmcvivwmybwjlpf7wh20l-graalvm17-ce-22.3.0/lib/libnio.so
7f6f480d9000-7f6f483bf000 r--p 00000000 00:e1d 28444448                  /usr/lib/locale/locale-archive
7f6f483bf000-7f6f483c3000 ---p 00000000 00:00 0 
7f6f483c3000-7f6f484bf000 rw-p 00000000 00:00 0 
7f6f484bf000-7f6f484c3000 ---p 00000000 00:00 0 
7f6f484c3000-7f6f485bf000 rw-p 00000000 00:00 0 
7f6f485bf000-7f6f485c0000 ---p 00000000 00:00 0 
7f6f485c0000-7f6f486c1000 rw-p 00000000 00:00 0 
7f6f486c1000-7f6f4878f000 r-xp 00000000 00:11cd 4611686019135190036      /nix/store/gpxl5qgg8kicmcvivwmybwjlpf7wh20l-graalvm17-ce-22.3.0/lib/libjsvml.so
7f6f4878f000-7f6f48790000 r--p 000cd000 00:11cd 4611686019135190036      /nix/store/gpxl5qgg8kicmcvivwmybwjlpf7wh20l-graalvm17-ce-22.3.0/lib/libjsvml.so
7f6f48790000-7f6f48791000 rw-p 000ce000 00:11cd 4611686019135190036      /nix/store/gpxl5qgg8kicmcvivwmybwjlpf7wh20l-graalvm17-ce-22.3.0/lib/libjsvml.so
7f6f48791000-7f6f49069000 rw-p 00000000 00:00 0 
7f6f49069000-7f6f4906a000 ---p 00000000 00:00 0 
7f6f4906a000-7f6f49215000 rw-p 00000000 00:00 0 
7f6f49215000-7f6f49232000 rw-p 00000000 00:00 0 
7f6f49232000-7f6f4926b000 ---p 00000000 00:00 0 
7f6f4926b000-7f6f49271000 rw-p 00000000 00:00 0 
7f6f49271000-7f6f49357000 ---p 00000000 00:00 0 
7f6f49357000-7f6f49376000 rw-p 00000000 00:00 0 
7f6f49376000-7f6f49442000 ---p 00000000 00:00 0 
7f6f49442000-7f6f49447000 rw-p 00000000 00:00 0 
7f6f49447000-7f6f4944e000 ---p 00000000 00:00 0 
7f6f4944e000-7f6f49472000 r-xp 00000000 00:11cd 4611686019135190028      /nix/store/gpxl5qgg8kicmcvivwmybwjlpf7wh20l-graalvm17-ce-22.3.0/lib/libjava.so
7f6f49472000-7f6f49473000 ---p 00024000 00:11cd 4611686019135190028      /nix/store/gpxl5qgg8kicmcvivwmybwjlpf7wh20l-graalvm17-ce-22.3.0/lib/libjava.so
7f6f49473000-7f6f49474000 r--p 00024000 00:11cd 4611686019135190028      /nix/store/gpxl5qgg8kicmcvivwmybwjlpf7wh20l-graalvm17-ce-22.3.0/lib/libjava.so
7f6f49474000-7f6f49475000 rw-p 00025000 00:11cd 4611686019135190028      /nix/store/gpxl5qgg8kicmcvivwmybwjlpf7wh20l-graalvm17-ce-22.3.0/lib/libjava.so
7f6f49475000-7f6f49476000 rw-p 00000000 00:00 0 
7f6f49476000-7f6f4947d000 rw-p 0002f000 00:11cd 4611686019135190028      /nix/store/gpxl5qgg8kicmcvivwmybwjlpf7wh20l-graalvm17-ce-22.3.0/lib/libjava.so
7f6f4947d000-7f6f49485000 rw-s 00000000 00:cf3 350                       /tmp/hsperfdata_runner/30
7f6f49485000-7f6f49486000 ---p 00000000 00:00 0 
7f6f49486000-7f6f49487000 r--p 00000000 00:00 0 
7f6f49487000-7f6f49488000 rwxp 00000000 00:00 0 
7f6f49488000-7f6f494a3000 r-xp 00000000 00:11cd 4611686019135190032      /nix/store/gpxl5qgg8kicmcvivwmybwjlpf7wh20l-graalvm17-ce-22.3.0/lib/libjimage.so
7f6f494a3000-7f6f494a4000 ---p 0001b000 00:11cd 4611686019135190032      /nix/store/gpxl5qgg8kicmcvivwmybwjlpf7wh20l-graalvm17-ce-22.3.0/lib/libjimage.so
7f6f494a4000-7f6f494a6000 r--p 0001b000 00:11cd 4611686019135190032      /nix/store/gpxl5qgg8kicmcvivwmybwjlpf7wh20l-graalvm17-ce-22.3.0/lib/libjimage.so
7f6f494a6000-7f6f494a7000 rw-p 0001d000 00:11cd 4611686019135190032      /nix/store/gpxl5qgg8kicmcvivwmybwjlpf7wh20l-graalvm17-ce-22.3.0/lib/libjimage.so
7f6f494a7000-7f6f494a8000 rw-p 00024000 00:11cd 4611686019135190032      /nix/store/gpxl5qgg8kicmcvivwmybwjlpf7wh20l-graalvm17-ce-22.3.0/lib/libjimage.so
7f6f494a8000-7f6f494ac000 ---p 00000000 00:00 0 
7f6f494ac000-7f6f495a8000 rw-p 00000000 00:00 0 
7f6f495a8000-7f6f495b6000 r--p 00000000 00:11cd 4611686019027979927      /nix/store/4nlgxhb09sdr51nc9hdm8az5b08vzkgx-glibc-2.35-163/lib/libm.so.6
7f6f495b6000-7f6f49629000 r-xp 0000e000 00:11cd 4611686019027979927      /nix/store/4nlgxhb09sdr51nc9hdm8az5b08vzkgx-glibc-2.35-163/lib/libm.so.6
7f6f49629000-7f6f49686000 r--p 00081000 00:11cd 4611686019027979927      /nix/store/4nlgxhb09sdr51nc9hdm8az5b08vzkgx-glibc-2.35-163/lib/libm.so.6
7f6f49686000-7f6f49687000 r--p 000dd000 00:11cd 4611686019027979927      /nix/store/4nlgxhb09sdr51nc9hdm8az5b08vzkgx-glibc-2.35-163/lib/libm.so.6
7f6f49687000-7f6f49688000 rw-p 000de000 00:11cd 4611686019027979927      /nix/store/4nlgxhb09sdr51nc9hdm8az5b08vzkgx-glibc-2.35-163/lib/libm.so.6
7f6f49688000-7f6f49689000 r--p 00000000 00:11cd 4611686019027979946      /nix/store/4nlgxhb09sdr51nc9hdm8az5b08vzkgx-glibc-2.35-163/lib/librt.so.1
7f6f49689000-7f6f4968a000 r-xp 00001000 00:11cd 4611686019027979946      /nix/store/4nlgxhb09sdr51nc9hdm8az5b08vzkgx-glibc-2.35-163/lib/librt.so.1
7f6f4968a000-7f6f4968b000 r--p 00002000 00:11cd 4611686019027979946      /nix/store/4nlgxhb09sdr51nc9hdm8az5b08vzkgx-glibc-2.35-163/lib/librt.so.1
7f6f4968b000-7f6f4968c000 r--p 00002000 00:11cd 4611686019027979946      /nix/store/4nlgxhb09sdr51nc9hdm8az5b08vzkgx-glibc-2.35-163/lib/librt.so.1
7f6f4968c000-7f6f4968d000 rw-p 00003000 00:11cd 4611686019027979946      /nix/store/4nlgxhb09sdr51nc9hdm8az5b08vzkgx-glibc-2.35-163/lib/librt.so.1
7f6f4968d000-7f6f4a7a0000 r-xp 00000000 00:11cd 4611686019135360866      /nix/store/gpxl5qgg8kicmcvivwmybwjlpf7wh20l-graalvm17-ce-22.3.0/lib/server/libjvm.so
7f6f4a7a0000-7f6f4a7a1000 ---p 01113000 00:11cd 4611686019135360866      /nix/store/gpxl5qgg8kicmcvivwmybwjlpf7wh20l-graalvm17-ce-22.3.0/lib/server/libjvm.so
7f6f4a7a1000-7f6f4a856000 r--p 01113000 00:11cd 4611686019135360866      /nix/store/gpxl5qgg8kicmcvivwmybwjlpf7wh20l-graalvm17-ce-22.3.0/lib/server/libjvm.so
7f6f4a856000-7f6f4a88a000 rw-p 011c8000 00:11cd 4611686019135360866      /nix/store/gpxl5qgg8kicmcvivwmybwjlpf7wh20l-graalvm17-ce-22.3.0/lib/server/libjvm.so
7f6f4a88a000-7f6f4a8e6000 rw-p 00000000 00:00 0 
7f6f4a8e6000-7f6f4a90e000 r--p 00000000 00:11cd 4611686019027979918      /nix/store/4nlgxhb09sdr51nc9hdm8az5b08vzkgx-glibc-2.35-163/lib/libc.so.6
7f6f4a90e000-7f6f4aa84000 r-xp 00028000 00:11cd 4611686019027979918      /nix/store/4nlgxhb09sdr51nc9hdm8az5b08vzkgx-glibc-2.35-163/lib/libc.so.6
7f6f4aa84000-7f6f4aadc000 r--p 0019e000 00:11cd 4611686019027979918      /nix/store/4nlgxhb09sdr51nc9hdm8az5b08vzkgx-glibc-2.35-163/lib/libc.so.6
7f6f4aadc000-7f6f4aae0000 r--p 001f6000 00:11cd 4611686019027979918      /nix/store/4nlgxhb09sdr51nc9hdm8az5b08vzkgx-glibc-2.35-163/lib/libc.so.6
7f6f4aae0000-7f6f4aae2000 rw-p 001fa000 00:11cd 4611686019027979918      /nix/store/4nlgxhb09sdr51nc9hdm8az5b08vzkgx-glibc-2.35-163/lib/libc.so.6
7f6f4aae2000-7f6f4aaf1000 rw-p 00000000 00:00 0 
7f6f4aaf1000-7f6f4aaf2000 r--p 00000000 00:11cd 4611686019027979923      /nix/store/4nlgxhb09sdr51nc9hdm8az5b08vzkgx-glibc-2.35-163/lib/libdl.so.2
7f6f4aaf2000-7f6f4aaf3000 r-xp 00001000 00:11cd 4611686019027979923      /nix/store/4nlgxhb09sdr51nc9hdm8az5b08vzkgx-glibc-2.35-163/lib/libdl.so.2
7f6f4aaf3000-7f6f4aaf4000 r--p 00002000 00:11cd 4611686019027979923      /nix/store/4nlgxhb09sdr51nc9hdm8az5b08vzkgx-glibc-2.35-163/lib/libdl.so.2
7f6f4aaf4000-7f6f4aaf5000 r--p 00002000 00:11cd 4611686019027979923      /nix/store/4nlgxhb09sdr51nc9hdm8az5b08vzkgx-glibc-2.35-163/lib/libdl.so.2
7f6f4aaf5000-7f6f4aaf6000 rw-p 00003000 00:11cd 4611686019027979923      /nix/store/4nlgxhb09sdr51nc9hdm8az5b08vzkgx-glibc-2.35-163/lib/libdl.so.2
7f6f4aaf6000-7f6f4aaf7000 r--p 00000000 00:11cd 4611686019027979942      /nix/store/4nlgxhb09sdr51nc9hdm8az5b08vzkgx-glibc-2.35-163/lib/libpthread.so.0
7f6f4aaf7000-7f6f4aaf8000 r-xp 00001000 00:11cd 4611686019027979942      /nix/store/4nlgxhb09sdr51nc9hdm8az5b08vzkgx-glibc-2.35-163/lib/libpthread.so.0
7f6f4aaf8000-7f6f4aaf9000 r--p 00002000 00:11cd 4611686019027979942      /nix/store/4nlgxhb09sdr51nc9hdm8az5b08vzkgx-glibc-2.35-163/lib/libpthread.so.0
7f6f4aaf9000-7f6f4aafa000 r--p 00002000 00:11cd 4611686019027979942      /nix/store/4nlgxhb09sdr51nc9hdm8az5b08vzkgx-glibc-2.35-163/lib/libpthread.so.0
7f6f4aafa000-7f6f4aafb000 rw-p 00003000 00:11cd 4611686019027979942      /nix/store/4nlgxhb09sdr51nc9hdm8az5b08vzkgx-glibc-2.35-163/lib/libpthread.so.0
7f6f4aafb000-7f6f4ab09000 r-xp 00000000 00:11cd 4611686019135190033      /nix/store/gpxl5qgg8kicmcvivwmybwjlpf7wh20l-graalvm17-ce-22.3.0/lib/libjli.so
7f6f4ab09000-7f6f4ab0a000 ---p 0000e000 00:11cd 4611686019135190033      /nix/store/gpxl5qgg8kicmcvivwmybwjlpf7wh20l-graalvm17-ce-22.3.0/lib/libjli.so
7f6f4ab0a000-7f6f4ab0b000 r--p 0000e000 00:11cd 4611686019135190033      /nix/store/gpxl5qgg8kicmcvivwmybwjlpf7wh20l-graalvm17-ce-22.3.0/lib/libjli.so
7f6f4ab0b000-7f6f4ab0c000 rw-p 0000f000 00:11cd 4611686019135190033      /nix/store/gpxl5qgg8kicmcvivwmybwjlpf7wh20l-graalvm17-ce-22.3.0/lib/libjli.so
7f6f4ab0c000-7f6f4ab0d000 rw-p 00012000 00:11cd 4611686019135190033      /nix/store/gpxl5qgg8kicmcvivwmybwjlpf7wh20l-graalvm17-ce-22.3.0/lib/libjli.so
7f6f4ab0d000-7f6f4ab10000 r--p 00000000 00:11cd 4611686019106210071      /nix/store/026hln0aq1hyshaxsdvhg0kmcm6yf45r-zlib-1.2.13/lib/libz.so.1.2.13
7f6f4ab10000-7f6f4ab22000 r-xp 00003000 00:11cd 4611686019106210071      /nix/store/026hln0aq1hyshaxsdvhg0kmcm6yf45r-zlib-1.2.13/lib/libz.so.1.2.13
7f6f4ab22000-7f6f4ab29000 r--p 00015000 00:11cd 4611686019106210071      /nix/store/026hln0aq1hyshaxsdvhg0kmcm6yf45r-zlib-1.2.13/lib/libz.so.1.2.13
7f6f4ab29000-7f6f4ab2a000 r--p 0001b000 00:11cd 4611686019106210071      /nix/store/026hln0aq1hyshaxsdvhg0kmcm6yf45r-zlib-1.2.13/lib/libz.so.1.2.13
7f6f4ab2a000-7f6f4ab2b000 rw-p 0001c000 00:11cd 4611686019106210071      /nix/store/026hln0aq1hyshaxsdvhg0kmcm6yf45r-zlib-1.2.13/lib/libz.so.1.2.13
7f6f4ab2b000-7f6f4ab2d000 rw-p 00000000 00:00 0 
7f6f4ab2d000-7f6f4ab2f000 r--p 00000000 00:11cd 4611686019027979912      /nix/store/4nlgxhb09sdr51nc9hdm8az5b08vzkgx-glibc-2.35-163/lib/ld-linux-x86-64.so.2
7f6f4ab2f000-7f6f4ab56000 r-xp 00002000 00:11cd 4611686019027979912      /nix/store/4nlgxhb09sdr51nc9hdm8az5b08vzkgx-glibc-2.35-163/lib/ld-linux-x86-64.so.2
7f6f4ab56000-7f6f4ab62000 r--p 00029000 00:11cd 4611686019027979912      /nix/store/4nlgxhb09sdr51nc9hdm8az5b08vzkgx-glibc-2.35-163/lib/ld-linux-x86-64.so.2
7f6f4ab62000-7f6f4ab64000 r--p 00034000 00:11cd 4611686019027979912      /nix/store/4nlgxhb09sdr51nc9hdm8az5b08vzkgx-glibc-2.35-163/lib/ld-linux-x86-64.so.2
7f6f4ab64000-7f6f4ab66000 rw-p 00036000 00:11cd 4611686019027979912      /nix/store/4nlgxhb09sdr51nc9hdm8az5b08vzkgx-glibc-2.35-163/lib/ld-linux-x86-64.so.2
7ffdbf124000-7ffdbf148000 rw-p 00000000 00:00 0                          [stack]
7ffdbf151000-7ffdbf155000 r--p 00000000 00:00 0                          [vvar]
7ffdbf155000-7ffdbf157000 r-xp 00000000 00:00 0                          [vdso]
ffffffffff600000-ffffffffff601000 --xp 00000000 00:00 0                  [vsyscall]


VM Arguments:
jvm_args: -XX:ThreadPriorityPolicy=1 -XX:+UnlockExperimentalVMOptions -XX:+EnableJVMCIProduct -XX:JVMCIThreadsPerNativeLibraryRuntime=1 -XX:-UnlockExperimentalVMOptions -Declipse.application=org.eclipse.jdt.ls.core.id1 -Dosgi.bundles.defaultStartLevel=4 -Declipse.product=org.eclipse.jdt.ls.core.product -Dlog.level=ALL -Xverify:none -XX:+UseParallelGC -XX:GCTimeRatio=4 -XX:AdaptiveSizePolicyWeight=90 -Dsun.zip.disableMemoryMapping=true -Xmx512m -Xms100m 
java_command: /nix/store/m6gcpi1ii6rghy04cjwjddcavv7i90df-jdt-language-server-1.9.0/share/java/plugins/org.eclipse.equinox.launcher_1.6.400.v20210924-0641.jar --add-modules=ALL-SYSTEM --add-opens java.base/java.util=ALL-UNNAMED --add-opens java.base/java.lang=ALL-UNNAMED -configuration /home/runner/.cache/jdt-language-server/config -data /home/runner/.cache/jdt-language-server/data/home/runner/BallProject
java_class_path (initial): /nix/store/m6gcpi1ii6rghy04cjwjddcavv7i90df-jdt-language-server-1.9.0/share/java/plugins/org.eclipse.equinox.launcher_1.6.400.v20210924-0641.jar
Launcher Type: SUN_STANDARD

[Global flags]
    uintx AdaptiveSizePolicyWeight                 = 90                                        {product} {command line}
     intx CICompilerCount                          = 2                                         {product} {ergonomic}
     bool EnableJVMCIProduct                       = true                                {JVMCI product} {jimage}
    uintx GCTimeRatio                              = 4                                         {product} {command line}
   size_t InitialHeapSize                          = 104857600                                 {product} {command line}
     uint JVMCIThreadsPerNativeLibraryRuntime      = 1                                   {JVMCI product} {jimage}
   size_t MaxHeapSize                              = 536870912                                 {product} {command line}
   size_t MaxNewSize                               = 178782208                                 {product} {ergonomic}
   size_t MinHeapDeltaBytes                        = 524288                                    {product} {ergonomic}
   size_t MinHeapSize                              = 104857600                                 {product} {command line}
   size_t NewSize                                  = 34603008                                  {product} {ergonomic}
    uintx NonNMethodCodeHeapSize                   = 5826188                                {pd product} {ergonomic}
    uintx NonProfiledCodeHeapSize                  = 122916026                              {pd product} {ergonomic}
   size_t OldSize                                  = 70254592                                  {product} {ergonomic}
    uintx ProfiledCodeHeapSize                     = 122916026                              {pd product} {ergonomic}
    uintx ReservedCodeCacheSize                    = 251658240                              {pd product} {ergonomic}
     bool SegmentedCodeCache                       = true                                      {product} {ergonomic}
   size_t SoftMaxHeapSize                          = 536870912                              {manageable} {ergonomic}
     intx ThreadPriorityPolicy                     = 1                                         {product} {jimage}
     bool UseCompressedClassPointers               = true                           {product lp64_product} {ergonomic}
     bool UseCompressedOops                        = true                           {product lp64_product} {ergonomic}
     bool UseParallelGC                            = true                                      {product} {command line}

Logging:
Log output configuration:
 #0: stdout all=warning uptime,level,tags
 #1: stderr all=off uptime,level,tags

Environment Variables:
JAVA_HOME=/nix/store/gpxl5qgg8kicmcvivwmybwjlpf7wh20l-graalvm17-ce-22.3.0
PATH=/nix/store/1d6ian3r8kdzspw8hacjhl3xkp40g1lj-binutils-wrapper-2.39/bin:/nix/store/dq0xwmsk1g0i2ayg6pb7y87na2knzylh-gcc-wrapper-11.3.0/bin:/nix/store/bap4d0lpcrhpwmpb8ayjcgkmvfj62lnq-bash-interactive-5.1-p16/bin:/nix/store/pr5n59mb4jzmfx6kanwxly0l07p861fg-patchelf-0.15.0/bin:/nix/store/1gf2flfqnpqbr1b4p4qz2f72y42bs56r-gcc-11.3.0/bin:/nix/store/57xv61c5zi8pphjbcwxxjlgc34p61ic9-glibc-2.35-163-bin/bin:/nix/store/a7gvj343m05j2s32xcnwr35v31ynlypr-coreutils-9.1/bin:/nix/store/039g378vc3pc3dvi9dzdlrd0i4q93qwf-binutils-2.39/bin:/nix/store/gpxl5qgg8kicmcvivwmybwjlpf7wh20l-graalvm17-ce-22.3.0/bin:/nix/store/6z9ag3ihc8mq2hzsw48lhbznvzny65nz-apache-maven-3.8.6/bin:/nix/store/m6gcpi1ii6rghy04cjwjddcavv7i90df-jdt-language-server-1.9.0/bin:/nix/store/84xs5alhs01zrbr4ywm05kxbjbp5590l-java-debug/bin:/nix/store/mydc6f4k2z73xlcz7ilif3v2lcaiqvza-findutils-4.9.0/bin:/nix/store/j9p3g8472iijd50vhdprx0nmk2fqn5gv-diffutils-3.8/bin:/nix/store/89zs7rms6x00xfq4dq6m7mjnhkr8a6r4-gnused-4.8/bin:/nix/store/86bp03jkmsl6f92w0yzg4s59g5mhxwmy-gnugrep-3.7/bin:/nix/store/hwcdqw4jrjnd37wxqgsd47hd0j8bnj09-gawk-5.1.1/bin:/nix/store/cfbhw8r8ags41vwqaz47r583d0p4h4a1-gnutar-1.34/bin:/nix/store/p3m1ndl1lapwrlh698bnb5lvvxh67378-gzip-1.12/bin:/nix/store/a8mhcagrsly7c7mpjrpsnaahk4aax056-bzip2-1.0.8-bin/bin:/nix/store/mblgz65m3zv9x548a3d5m96fj2pbwr09-gnumake-4.3/bin:/nix/store/dsd5gz46hdbdk2rfdimqddhq6m8m8fqs-bash-5.1-p16/bin:/nix/store/v7ljksji50mg3w61dykaa3n3y79n6nil-patch-2.7.6/bin:/nix/store/zlcnmqq14jz5x9439jf937mvayyl63da-xz-5.2.7-bin/bin:/nix/store/y6aj732zm9m87c82fpvf103a1xb22blp-file-5.43/bin:/nix/store/sgqd0ajghcv2axfl1lad0b1alyavp0dc-prybar-elisp-0.0.0-67f7a00/bin:/nix/store/p3hsvljpgs68jqwar41lc0jqhjj734lf-prybar-lua-0.0.0-67f7a00/bin:/nix/store/qzxs2gybds3s9kb1vkaflpgm2nwr85fh-prybar-python3-0.0.0-67f7a00/bin:/nix/store/km94z9mxp8w4m8gxxp5mbfpdf3nkfvd8-prybar-sqlite-0.0.0-67f7a00/bin:/nix/store/2pnc7b76asw0z59c4l6h6qy8arwqrii1-prybar-tcl-0.0.0-67f7a00/bin:/nix/store/hpbvrlwd5viqmvcaisb3x0118i913a9n-st
LD_LIBRARY_PATH=/nix/store/a4pff549sk2idnkpzk5nsfps3mdkdnvm-cups-2.4.2-lib/lib:/nix/store/72mqxxhh3cy5yifh92wh2yb8cl2hikyy-cairo-1.16.0/lib:/nix/store/2k366jrbsra97gjfxwvrhvixjfxdach5-glib-2.74.1/lib:/nix/store/2j2znigd8ak37rlwh9khz0ry3clqlw1l-gtk+3-3.24.34/lib:/nix/store/hisqvx32cd57apbpcsnkpx6k3549wql1-libglvnd-1.4.0/lib:/nix/store/p36pgcv991mq5srvg765b78yqpxvk3qs-mesa-21.3.3-drivers/lib:/nix/store/mav4251if1ahjq5vkpwycyyvnmy459c4-pulseaudio-14.2/lib
DISPLAY=:0
LANG=en_US.UTF-8

Signal Handlers:
   SIGSEGV: crash_handler in libjvm.so, mask=11100100010111111101111111111110, flags=SA_RESTART|SA_SIGINFO
    SIGBUS: crash_handler in libjvm.so, mask=11100100010111111101111111111110, flags=SA_RESTART|SA_SIGINFO
    SIGFPE: crash_handler in libjvm.so, mask=11100100010111111101111111111110, flags=SA_RESTART|SA_SIGINFO
   SIGPIPE: IsolateEnterStub_IgnoreSIGPIPEStartupHook_noopSignalHandler_8f19bff2f35b5f630d83b364d6b2339320d4ec70_216e8361c6bc87a8f89f58cc10d3b2fd4415bf87 in libjvmcicompiler.so, mask=00000000000000000000000000000000, flags=SA_RESTART
  *** Handler was modified!
  *** Expected: javaSignalHandler in libjvm.so, mask=11100100110111111111111111111110, flags=SA_RESTART|SA_SIGINFO
   SIGXFSZ: javaSignalHandler in libjvm.so, mask=11100100010111111101111111111110, flags=SA_RESTART|SA_SIGINFO
    SIGILL: crash_handler in libjvm.so, mask=11100100010111111101111111111110, flags=SA_RESTART|SA_SIGINFO
   SIGUSR2: SR_handler in libjvm.so, mask=00000000000000000000000000000000, flags=SA_RESTART|SA_SIGINFO
    SIGHUP: UserHandler in libjvm.so, mask=11100100010111111101111111111110, flags=SA_RESTART|SA_SIGINFO
    SIGINT: UserHandler in libjvm.so, mask=11100100010111111101111111111110, flags=SA_RESTART|SA_SIGINFO
   SIGTERM: UserHandler in libjvm.so, mask=11100100010111111101111111111110, flags=SA_RESTART|SA_SIGINFO
   SIGQUIT: UserHandler in libjvm.so, mask=11100100010111111101111111111110, flags=SA_RESTART|SA_SIGINFO
  *** Handler was modified!
  *** Expected: javaSignalHandler in libjvm.so, mask=11100100110111111111111111111110, flags=SA_RESTART|SA_SIGINFO
   SIGTRAP: crash_handler in libjvm.so, mask=11100100010111111101111111111110, flags=SA_RESTART|SA_SIGINFO


---------------  S Y S T E M  ---------------

OS:
DISTRIB_ID=Ubuntu
DISTRIB_RELEASE=20.04
DISTRIB_CODENAME=focal
DISTRIB_DESCRIPTION="Ubuntu 20.04.2 LTS"
uname: Linux 5.15.0-1029-gcp #36~20.04.1-Ubuntu SMP Tue Jan 24 16:54:15 UTC 2023 x86_64
OS uptime: 0 days 6:21 hours
libc: glibc 2.35 NPTL 2.35 
rlimit (soft/hard): STACK 8192k/infinity , CORE infinity/infinity , NPROC infinity/infinity , NOFILE 5242/5242 , AS infinity/infinity , CPU infinity/infinity , DATA infinity/infinity , FSIZE infinity/infinity , MEMLOCK 64k/64k
load average: 10.21 12.04 13.18

/proc/meminfo:
MemTotal:       65852728 kB
MemFree:        29499344 kB
MemAvailable:   48449328 kB
Buffers:         2343892 kB
Cached:         15299912 kB
SwapCached:            0 kB
Active:          8332996 kB
Inactive:       24146252 kB
Active(anon):      13292 kB
Inactive(anon): 14522956 kB
Active(file):    8319704 kB
Inactive(file):  9623296 kB
Unevictable:       44956 kB
Mlocked:           44956 kB
SwapTotal:             0 kB
SwapFree:              0 kB
Dirty:              3628 kB
Writeback:             0 kB
AnonPages:      13690700 kB
Mapped:          2018792 kB
Shmem:             44016 kB
KReclaimable:    1733588 kB
Slab:            2963608 kB
SReclaimable:    1733588 kB
SUnreclaim:      1230020 kB
KernelStack:      380416 kB
PageTables:       137480 kB
NFS_Unstable:          0 kB
Bounce:                0 kB
WritebackTmp:          0 kB
CommitLimit:    32926364 kB
Committed_AS:   55097308 kB
VmallocTotal:   34359738367 kB
VmallocUsed:      414788 kB
VmallocChunk:          0 kB
Percpu:            56480 kB
HardwareCorrupted:     0 kB
AnonHugePages:    776192 kB
ShmemHugePages:        0 kB
ShmemPmdMapped:        0 kB
FileHugePages:         0 kB
FilePmdMapped:         0 kB
HugePages_Total:       0
HugePages_Free:        0
HugePages_Rsvd:        0
HugePages_Surp:        0
Hugepagesize:       2048 kB
Hugetlb:               0 kB
DirectMap4k:     4657984 kB
DirectMap2M:    46718976 kB
DirectMap1G:    17825792 kB

/sys/kernel/mm/transparent_hugepage/enabled: always [madvise] never
/sys/kernel/mm/transparent_hugepage/defrag (defrag/compaction efforts parameter): always defer defer+madvise [madvise] never

Process Memory:
Virtual Size: 4588632K (peak: 4673476K)
Resident Set Size: 734576K (peak: 763796K) (anon: 540388K, file: 194188K, shmem: 0K)
Swapped out: 0K
C-Heap outstanding allocations: 40768K, retained: 10563K
glibc malloc tunables: (default)

/proc/sys/kernel/threads-max (system-wide limit on the number of threads): 514406
/proc/sys/vm/max_map_count (maximum number of memory map areas a process may have): 65530
/proc/sys/kernel/pid_max (system-wide limit on number of process identifiers): 4194304

container (cgroup) information:
container_type: cgroupv1
cpu_cpuset_cpus: 2-7
cpu_memory_nodes: 0
active_processor_count: 1
cpu_quota: 50000
cpu_period: 100000
cpu_shares: 512
memory_limit_in_bytes: 1048576 k
memory_and_swap_limit_in_bytes: 1048576 k
memory_soft_limit_in_bytes: 524288 k
memory_usage_in_bytes: 611900 k
memory_max_usage_in_bytes: 710400 k
maximum number of tasks: 1000
current number of tasks: 59

KVM virtualization detected
Steal ticks since vm start: 0
Steal ticks percentage since vm start:  0.000

CPU: total 8 (initial active 1) (8 cores per cpu, 2 threads per core) family 23 model 49 stepping 0 microcode 0xffffffff, cx8, cmov, fxsr, ht, mmx, 3dnowpref, sse, sse2, sse3, ssse3, sse4a, sse4.1, sse4.2, popcnt, lzcnt, tsc, tscinvbit, avx, avx2, aes, clmul, bmi1, bmi2, adx, sha, fma, vzeroupper, clflush, clflushopt, hv
CPU Model and flags from /proc/cpuinfo:
model name	: AMD EPYC 7B12
flags		: fpu vme de pse tsc msr pae mce cx8 apic sep mtrr pge mca cmov pat pse36 clflush mmx fxsr sse sse2 ht syscall nx mmxext fxsr_opt pdpe1gb rdtscp lm constant_tsc rep_good nopl nonstop_tsc cpuid extd_apicid tsc_known_freq pni pclmulqdq ssse3 fma cx16 sse4_1 sse4_2 movbe popcnt aes xsave avx f16c rdrand hypervisor lahf_lm cmp_legacy cr8_legacy abm sse4a misalignsse 3dnowprefetch osvw topoext ssbd ibrs ibpb stibp vmmcall fsgsbase tsc_adjust bmi1 avx2 smep bmi2 rdseed adx smap clflushopt clwb sha_ni xsaveopt xsavec xgetbv1 clzero xsaveerptr arat npt nrip_save umip rdpid

Online cpus: 0-7
Offline cpus: 
BIOS frequency limitation: <Not Available>
Frequency switch latency (ns): <Not Available>
Available cpu frequencies: <Not Available>
Current governor: <Not Available>
Core performance/turbo boost: <Not Available>

Memory: 4k page, physical 1048576k(436668k free), swap 0k(0k free)
Page Sizes: 4k

vm_info: OpenJDK 64-Bit Server VM (17.0.5+8-jvmci-22.3-b08) for linux-amd64 JRE (17.0.5+8-jvmci-22.3-b08), built on Oct 19 2022 09:01:27 by "buildslave" with gcc 10.3.0

END.
